{"/home/travis/build/npmtest/node-npmtest-yo/test.js":{"path":"/home/travis/build/npmtest/node-npmtest-yo/test.js","s":{"1":2,"2":2,"3":2,"4":2,"5":2,"6":2,"7":2,"8":1,"9":2,"10":2,"11":1,"12":1,"13":1,"14":1,"15":2,"16":2,"17":2,"18":2,"19":1,"20":1,"21":2,"22":2,"23":2,"24":1,"25":1,"26":1,"27":1,"28":1,"29":1,"30":1,"31":1,"32":1,"33":1,"34":1,"35":1,"36":1,"37":1,"38":1,"39":2,"40":2,"41":1,"42":2,"43":2,"44":1,"45":2,"46":2,"47":1,"48":2,"49":2,"50":1,"51":1,"52":1,"53":1,"54":1},"b":{"1":[2,1,1,1],"2":[1,1,1,1],"3":[1,1],"4":[1,1],"5":[1,1],"6":[1,1],"7":[1,1],"8":[1,1],"9":[1,1],"10":[1,1,1],"11":[1,1],"12":[1,1],"13":[1,1],"14":[1,1],"15":[1,1],"16":[1,1],"17":[1,1]},"f":{"1":2,"2":2,"3":2,"4":2,"5":2,"6":1,"7":1,"8":1,"9":2,"10":2,"11":2,"12":2,"13":1},"fnMap":{"1":{"name":"(anonymous_1)","line":12,"loc":{"start":{"line":12,"column":1},"end":{"line":12,"column":13}}},"2":{"name":"(anonymous_2)","line":19,"loc":{"start":{"line":19,"column":5},"end":{"line":19,"column":17}}},"3":{"name":"(anonymous_3)","line":23,"loc":{"start":{"line":23,"column":24},"end":{"line":23,"column":36}}},"4":{"name":"(anonymous_4)","line":61,"loc":{"start":{"line":61,"column":5},"end":{"line":61,"column":17}}},"5":{"name":"(anonymous_5)","line":82,"loc":{"start":{"line":82,"column":5},"end":{"line":82,"column":17}}},"6":{"name":"(anonymous_6)","line":91,"loc":{"start":{"line":91,"column":77},"end":{"line":94,"column":10}}},"7":{"name":"(anonymous_7)","line":112,"loc":{"start":{"line":112,"column":83},"end":{"line":115,"column":10}},"skip":true},"8":{"name":"(anonymous_8)","line":123,"loc":{"start":{"line":123,"column":77},"end":{"line":126,"column":10}},"skip":true},"9":{"name":"(anonymous_9)","line":139,"loc":{"start":{"line":139,"column":12},"end":{"line":139,"column":40}},"skip":true},"10":{"name":"(anonymous_10)","line":147,"loc":{"start":{"line":147,"column":77},"end":{"line":150,"column":10}},"skip":true},"11":{"name":"(anonymous_11)","line":158,"loc":{"start":{"line":158,"column":83},"end":{"line":161,"column":10}},"skip":true},"12":{"name":"(anonymous_12)","line":169,"loc":{"start":{"line":169,"column":79},"end":{"line":172,"column":10}},"skip":true},"13":{"name":"(anonymous_13)","line":180,"loc":{"start":{"line":180,"column":75},"end":{"line":183,"column":10}},"skip":true}},"statementMap":{"1":{"start":{"line":12,"column":0},"end":{"line":195,"column":5}},"2":{"start":{"line":14,"column":4},"end":{"line":14,"column":14}},"3":{"start":{"line":19,"column":4},"end":{"line":56,"column":9}},"4":{"start":{"line":21,"column":8},"end":{"line":21,"column":19}},"5":{"start":{"line":23,"column":8},"end":{"line":35,"column":13}},"6":{"start":{"line":24,"column":12},"end":{"line":34,"column":13}},"7":{"start":{"line":25,"column":16},"end":{"line":28,"column":30}},"8":{"start":{"line":30,"column":16},"end":{"line":33,"column":27}},"9":{"start":{"line":37,"column":8},"end":{"line":39,"column":21}},"10":{"start":{"line":40,"column":8},"end":{"line":53,"column":9}},"11":{"start":{"line":43,"column":12},"end":{"line":46,"column":14}},"12":{"start":{"line":47,"column":12},"end":{"line":47,"column":18}},"13":{"start":{"line":50,"column":12},"end":{"line":51,"column":33}},"14":{"start":{"line":52,"column":12},"end":{"line":52,"column":18}},"15":{"start":{"line":55,"column":8},"end":{"line":55,"column":35}},"16":{"start":{"line":61,"column":4},"end":{"line":63,"column":9}},"17":{"start":{"line":62,"column":8},"end":{"line":62,"column":15}},"18":{"start":{"line":64,"column":4},"end":{"line":77,"column":5}},"19":{"start":{"line":70,"column":8},"end":{"line":70,"column":14}},"20":{"start":{"line":76,"column":8},"end":{"line":76,"column":14}},"21":{"start":{"line":82,"column":4},"end":{"line":84,"column":9}},"22":{"start":{"line":83,"column":8},"end":{"line":83,"column":15}},"23":{"start":{"line":85,"column":4},"end":{"line":194,"column":5}},"24":{"start":{"line":91,"column":8},"end":{"line":99,"column":10}},"25":{"start":{"line":98,"column":12},"end":{"line":98,"column":35}},"26":{"start":{"line":102,"column":8},"end":{"line":104,"column":63}},"27":{"start":{"line":105,"column":8},"end":{"line":105,"column":14}},"28":{"start":{"line":112,"column":8},"end":{"line":121,"column":10},"skip":true},"29":{"start":{"line":119,"column":12},"end":{"line":119,"column":55},"skip":true},"30":{"start":{"line":120,"column":12},"end":{"line":120,"column":48},"skip":true},"31":{"start":{"line":123,"column":8},"end":{"line":136,"column":10},"skip":true},"32":{"start":{"line":130,"column":12},"end":{"line":130,"column":76},"skip":true},"33":{"start":{"line":131,"column":12},"end":{"line":131,"column":73},"skip":true},"34":{"start":{"line":132,"column":12},"end":{"line":132,"column":74},"skip":true},"35":{"start":{"line":133,"column":12},"end":{"line":133,"column":79},"skip":true},"36":{"start":{"line":134,"column":12},"end":{"line":134,"column":25},"skip":true},"37":{"start":{"line":135,"column":12},"end":{"line":135,"column":45},"skip":true},"38":{"start":{"line":138,"column":8},"end":{"line":145,"column":14},"skip":true},"39":{"start":{"line":143,"column":16},"end":{"line":143,"column":29},"skip":true},"40":{"start":{"line":144,"column":16},"end":{"line":144,"column":55},"skip":true},"41":{"start":{"line":147,"column":8},"end":{"line":156,"column":10},"skip":true},"42":{"start":{"line":154,"column":12},"end":{"line":154,"column":25},"skip":true},"43":{"start":{"line":155,"column":12},"end":{"line":155,"column":45},"skip":true},"44":{"start":{"line":158,"column":8},"end":{"line":167,"column":10},"skip":true},"45":{"start":{"line":165,"column":12},"end":{"line":165,"column":25},"skip":true},"46":{"start":{"line":166,"column":12},"end":{"line":166,"column":48},"skip":true},"47":{"start":{"line":169,"column":8},"end":{"line":178,"column":10},"skip":true},"48":{"start":{"line":176,"column":12},"end":{"line":176,"column":25},"skip":true},"49":{"start":{"line":177,"column":12},"end":{"line":177,"column":46},"skip":true},"50":{"start":{"line":180,"column":8},"end":{"line":189,"column":10},"skip":true},"51":{"start":{"line":187,"column":12},"end":{"line":187,"column":94},"skip":true},"52":{"start":{"line":188,"column":12},"end":{"line":188,"column":48},"skip":true},"53":{"start":{"line":192,"column":8},"end":{"line":192,"column":35},"skip":true},"54":{"start":{"line":193,"column":8},"end":{"line":193,"column":14},"skip":true}},"branchMap":{"1":{"line":25,"type":"binary-expr","locations":[{"start":{"line":25,"column":23},"end":{"line":25,"column":62}},{"start":{"line":26,"column":20},"end":{"line":26,"column":70}},{"start":{"line":27,"column":20},"end":{"line":27,"column":71}},{"start":{"line":28,"column":20},"end":{"line":28,"column":29}}]},"2":{"line":30,"type":"binary-expr","locations":[{"start":{"line":30,"column":23},"end":{"line":30,"column":37}},{"start":{"line":31,"column":20},"end":{"line":31,"column":61}},{"start":{"line":32,"column":20},"end":{"line":32,"column":70}},{"start":{"line":33,"column":20},"end":{"line":33,"column":26}}]},"3":{"line":37,"type":"cond-expr","locations":[{"start":{"line":38,"column":14},"end":{"line":38,"column":20}},{"start":{"line":39,"column":14},"end":{"line":39,"column":20}}]},"4":{"line":40,"type":"switch","locations":[{"start":{"line":42,"column":8},"end":{"line":47,"column":18}},{"start":{"line":49,"column":8},"end":{"line":52,"column":18}}]},"5":{"line":44,"type":"binary-expr","locations":[{"start":{"line":44,"column":16},"end":{"line":44,"column":44}},{"start":{"line":44,"column":48},"end":{"line":44,"column":66}}]},"6":{"line":50,"type":"binary-expr","locations":[{"start":{"line":50,"column":21},"end":{"line":50,"column":49}},{"start":{"line":50,"column":53},"end":{"line":50,"column":72}}]},"7":{"line":64,"type":"switch","locations":[{"start":{"line":69,"column":4},"end":{"line":70,"column":14}},{"start":{"line":75,"column":4},"end":{"line":76,"column":14}}]},"8":{"line":85,"type":"switch","locations":[{"start":{"line":90,"column":4},"end":{"line":105,"column":14}},{"start":{"line":111,"column":4},"end":{"line":193,"column":14},"skip":true}]},"9":{"line":91,"type":"binary-expr","locations":[{"start":{"line":91,"column":42},"end":{"line":91,"column":73}},{"start":{"line":91,"column":77},"end":{"line":99,"column":9}}]},"10":{"line":102,"type":"binary-expr","locations":[{"start":{"line":102,"column":18},"end":{"line":102,"column":32}},{"start":{"line":103,"column":12},"end":{"line":103,"column":53}},{"start":{"line":104,"column":12},"end":{"line":104,"column":61}}]},"11":{"line":112,"type":"binary-expr","locations":[{"start":{"line":112,"column":45},"end":{"line":112,"column":79},"skip":true},{"start":{"line":112,"column":83},"end":{"line":121,"column":9},"skip":true}]},"12":{"line":123,"type":"binary-expr","locations":[{"start":{"line":123,"column":42},"end":{"line":123,"column":73},"skip":true},{"start":{"line":123,"column":77},"end":{"line":136,"column":9},"skip":true}]},"13":{"line":138,"type":"binary-expr","locations":[{"start":{"line":138,"column":48},"end":{"line":138,"column":85},"skip":true},{"start":{"line":139,"column":12},"end":{"line":145,"column":13},"skip":true}]},"14":{"line":147,"type":"binary-expr","locations":[{"start":{"line":147,"column":42},"end":{"line":147,"column":73},"skip":true},{"start":{"line":147,"column":77},"end":{"line":156,"column":9},"skip":true}]},"15":{"line":158,"type":"binary-expr","locations":[{"start":{"line":158,"column":45},"end":{"line":158,"column":79},"skip":true},{"start":{"line":158,"column":83},"end":{"line":167,"column":9},"skip":true}]},"16":{"line":169,"type":"binary-expr","locations":[{"start":{"line":169,"column":43},"end":{"line":169,"column":75},"skip":true},{"start":{"line":169,"column":79},"end":{"line":178,"column":9},"skip":true}]},"17":{"line":180,"type":"binary-expr","locations":[{"start":{"line":180,"column":41},"end":{"line":180,"column":71},"skip":true},{"start":{"line":180,"column":75},"end":{"line":189,"column":9},"skip":true}]}},"code":["/* istanbul instrument in package npmtest_yo */","/*jslint","    bitwise: true,","    browser: true,","    maxerr: 8,","    maxlen: 96,","    node: true,","    nomen: true,","    regexp: true,","    stupid: true","*/","(function () {","    'use strict';","    var local;","","","","    // run shared js-env code - pre-init","    (function () {","        // init local","        local = {};","        // init modeJs","        local.modeJs = (function () {","            try {","                return typeof navigator.userAgent === 'string' &&","                    typeof document.querySelector('body') === 'object' &&","                    typeof XMLHttpRequest.prototype.open === 'function' &&","                    'browser';","            } catch (errorCaughtBrowser) {","                return module.exports &&","                    typeof process.versions.node === 'string' &&","                    typeof require('http').createServer === 'function' &&","                    'node';","            }","        }());","        // init global","        local.global = local.modeJs === 'browser'","            ? window","            : global;","        switch (local.modeJs) {","        // re-init local from window.local","        case 'browser':","            local = local.global.utility2.objectSetDefault(","                local.global.utility2_rollup || local.global.local,","                local.global.utility2","            );","            break;","        // re-init local from example.js","        case 'node':","            local = (local.global.utility2_rollup || require('utility2'))","                .requireReadme();","            break;","        }","        // export local","        local.global.local = local;","    }());","","","","    // run shared js-env code - function","    (function () {","        return;","    }());","    switch (local.modeJs) {","","","","    // run browser js-env code - function","    case 'browser':","        break;","","","","    // run node js-env code - function","    case 'node':","        break;","    }","","","","    // run shared js-env code - post-init","    (function () {","        return;","    }());","    switch (local.modeJs) {","","","","    // run browser js-env code - post-init","    case 'browser':","        local.testCase_browser_nullCase = local.testCase_browser_nullCase || function (","            options,","            onError","        ) {","        /*","         * this function will test browsers's null-case handling-behavior-behavior","         */","            onError(null, options);","        };","","        // run tests","        local.nop(local.modeTest &&","            document.querySelector('#testRunButton1') &&","            document.querySelector('#testRunButton1').click());","        break;","","","","    // run node js-env code - post-init","    /* istanbul ignore next */","    case 'node':","        local.testCase_buildApidoc_default = local.testCase_buildApidoc_default || function (","            options,","            onError","        ) {","        /*","         * this function will test buildApidoc's default handling-behavior-behavior","         */","            options = { modulePathList: module.paths };","            local.buildApidoc(options, onError);","        };","","        local.testCase_buildApp_default = local.testCase_buildApp_default || function (","            options,","            onError","        ) {","        /*","         * this function will test buildApp's default handling-behavior-behavior","         */","            local.testCase_buildReadme_default(options, local.onErrorThrow);","            local.testCase_buildLib_default(options, local.onErrorThrow);","            local.testCase_buildTest_default(options, local.onErrorThrow);","            local.testCase_buildCustomOrg_default(options, local.onErrorThrow);","            options = [];","            local.buildApp(options, onError);","        };","","        local.testCase_buildCustomOrg_default = local.testCase_buildCustomOrg_default ||","            function (options, onError) {","            /*","             * this function will test buildCustomOrg's default handling-behavior","             */","                options = {};","                local.buildCustomOrg(options, onError);","            };","","        local.testCase_buildLib_default = local.testCase_buildLib_default || function (","            options,","            onError","        ) {","        /*","         * this function will test buildLib's default handling-behavior","         */","            options = {};","            local.buildLib(options, onError);","        };","","        local.testCase_buildReadme_default = local.testCase_buildReadme_default || function (","            options,","            onError","        ) {","        /*","         * this function will test buildReadme's default handling-behavior-behavior","         */","            options = {};","            local.buildReadme(options, onError);","        };","","        local.testCase_buildTest_default = local.testCase_buildTest_default || function (","            options,","            onError","        ) {","        /*","         * this function will test buildTest's default handling-behavior","         */","            options = {};","            local.buildTest(options, onError);","        };","","        local.testCase_webpage_default = local.testCase_webpage_default || function (","            options,","            onError","        ) {","        /*","         * this function will test webpage's default handling-behavior","         */","            options = { modeCoverageMerge: true, url: local.serverLocalHost + '?modeTest=1' };","            local.browserTest(options, onError);","        };","","        // run test-server","        local.testRunServer(local);","        break;","    }","}());",""],"l":{"12":2,"14":2,"19":2,"21":2,"23":2,"24":2,"25":2,"30":1,"37":2,"40":2,"43":1,"47":1,"50":1,"52":1,"55":2,"61":2,"62":2,"64":2,"70":1,"76":1,"82":2,"83":2,"85":2,"91":1,"98":1,"102":1,"105":1,"112":1,"119":1,"120":1,"123":1,"130":1,"131":1,"132":1,"133":1,"134":1,"135":1,"138":1,"143":2,"144":2,"147":1,"154":2,"155":2,"158":1,"165":2,"166":2,"169":1,"176":2,"177":2,"180":1,"187":1,"188":1,"192":1,"193":1}},"/home/travis/build/npmtest/node-npmtest-yo/lib.npmtest_yo.js":{"path":"/home/travis/build/npmtest/node-npmtest-yo/lib.npmtest_yo.js","s":{"1":2,"2":2,"3":2,"4":2,"5":2,"6":2,"7":2,"8":1,"9":2,"10":2,"11":2,"12":2,"13":1,"14":1,"15":1,"16":1},"b":{"1":[2,1,1,1],"2":[1,1,1,1],"3":[1,1],"4":[2,2],"5":[1,1]},"f":{"1":2,"2":2,"3":2},"fnMap":{"1":{"name":"(anonymous_1)","line":12,"loc":{"start":{"line":12,"column":1},"end":{"line":12,"column":13}}},"2":{"name":"(anonymous_2)","line":19,"loc":{"start":{"line":19,"column":5},"end":{"line":19,"column":17}}},"3":{"name":"(anonymous_3)","line":23,"loc":{"start":{"line":23,"column":24},"end":{"line":23,"column":36}}}},"statementMap":{"1":{"start":{"line":12,"column":0},"end":{"line":53,"column":5}},"2":{"start":{"line":14,"column":4},"end":{"line":14,"column":14}},"3":{"start":{"line":19,"column":4},"end":{"line":52,"column":9}},"4":{"start":{"line":21,"column":8},"end":{"line":21,"column":19}},"5":{"start":{"line":23,"column":8},"end":{"line":35,"column":13}},"6":{"start":{"line":24,"column":12},"end":{"line":34,"column":13}},"7":{"start":{"line":25,"column":16},"end":{"line":28,"column":30}},"8":{"start":{"line":30,"column":16},"end":{"line":33,"column":27}},"9":{"start":{"line":37,"column":8},"end":{"line":39,"column":21}},"10":{"start":{"line":41,"column":8},"end":{"line":41,"column":54}},"11":{"start":{"line":43,"column":8},"end":{"line":43,"column":47}},"12":{"start":{"line":45,"column":8},"end":{"line":51,"column":9}},"13":{"start":{"line":46,"column":12},"end":{"line":46,"column":53}},"14":{"start":{"line":48,"column":12},"end":{"line":48,"column":35}},"15":{"start":{"line":49,"column":12},"end":{"line":49,"column":49}},"16":{"start":{"line":50,"column":12},"end":{"line":50,"column":43}}},"branchMap":{"1":{"line":25,"type":"binary-expr","locations":[{"start":{"line":25,"column":23},"end":{"line":25,"column":62}},{"start":{"line":26,"column":20},"end":{"line":26,"column":70}},{"start":{"line":27,"column":20},"end":{"line":27,"column":71}},{"start":{"line":28,"column":20},"end":{"line":28,"column":29}}]},"2":{"line":30,"type":"binary-expr","locations":[{"start":{"line":30,"column":23},"end":{"line":30,"column":37}},{"start":{"line":31,"column":20},"end":{"line":31,"column":61}},{"start":{"line":32,"column":20},"end":{"line":32,"column":70}},{"start":{"line":33,"column":20},"end":{"line":33,"column":26}}]},"3":{"line":37,"type":"cond-expr","locations":[{"start":{"line":38,"column":14},"end":{"line":38,"column":20}},{"start":{"line":39,"column":14},"end":{"line":39,"column":20}}]},"4":{"line":41,"type":"binary-expr","locations":[{"start":{"line":41,"column":16},"end":{"line":41,"column":44}},{"start":{"line":41,"column":48},"end":{"line":41,"column":53}}]},"5":{"line":45,"type":"if","locations":[{"start":{"line":45,"column":8},"end":{"line":45,"column":8}},{"start":{"line":45,"column":8},"end":{"line":45,"column":8}}]}},"code":["/* istanbul instrument in package npmtest_yo */","/*jslint","    bitwise: true,","    browser: true,","    maxerr: 8,","    maxlen: 96,","    node: true,","    nomen: true,","    regexp: true,","    stupid: true","*/","(function () {","    'use strict';","    var local;","","","","    // run shared js-env code - pre-init","    (function () {","        // init local","        local = {};","        // init modeJs","        local.modeJs = (function () {","            try {","                return typeof navigator.userAgent === 'string' &&","                    typeof document.querySelector('body') === 'object' &&","                    typeof XMLHttpRequest.prototype.open === 'function' &&","                    'browser';","            } catch (errorCaughtBrowser) {","                return module.exports &&","                    typeof process.versions.node === 'string' &&","                    typeof require('http').createServer === 'function' &&","                    'node';","            }","        }());","        // init global","        local.global = local.modeJs === 'browser'","            ? window","            : global;","        // init utility2_rollup","        local = local.global.utility2_rollup || local;","        // init lib","        local.local = local.npmtest_yo = local;","        // init exports","        if (local.modeJs === 'browser') {","            local.global.utility2_npmtest_yo = local;","        } else {","            module.exports = local;","            module.exports.__dirname = __dirname;","            module.exports.module = module;","        }","    }());","}());",""],"l":{"12":2,"14":2,"19":2,"21":2,"23":2,"24":2,"25":2,"30":1,"37":2,"41":2,"43":2,"45":2,"46":1,"48":1,"49":1,"50":1}},"/home/travis/build/npmtest/node-npmtest-yo/example.js":{"path":"/home/travis/build/npmtest/node-npmtest-yo/example.js","s":{"1":2,"2":2,"3":2,"4":2,"5":2,"6":2,"7":2,"8":1,"9":2,"10":2,"11":2,"12":2,"13":1,"14":2,"15":2,"16":2,"17":2,"18":2,"19":0,"20":2,"21":1,"22":1,"23":1,"24":1,"25":1,"26":0,"27":0,"28":1,"29":1,"30":2,"31":0,"32":0,"33":0,"34":1,"35":2,"36":2,"37":3,"38":3,"39":3,"40":3,"41":0,"42":3,"43":3,"44":3,"45":1,"46":3,"47":1,"48":1,"49":1,"50":1,"51":1,"52":1,"53":1,"54":1,"55":1,"56":1,"57":0,"58":1,"59":6,"60":6,"61":1,"62":2,"63":0,"64":2,"65":1,"66":1,"67":0,"68":0,"69":0,"70":0,"71":0,"72":0,"73":0,"74":0,"75":0,"76":0,"77":0,"78":0,"79":0,"80":0,"81":0,"82":0,"83":0},"b":{"1":[2,1,1,1],"2":[1,1,1,1],"3":[1,1],"4":[2,2],"5":[1,1],"6":[1,1],"7":[2,0],"8":[2,1,1,1,1,1],"9":[0,2,0],"10":[1,1],"11":[2,1,1],"12":[1,0],"13":[0,2],"14":[2,0,0,0,0,0,0],"15":[0,3],"16":[3,0],"17":[1,1],"18":[0,1],"19":[1,2,0,2],"20":[1,0],"21":[1,1],"22":[0,0],"23":[0,0],"24":[0,0],"25":[0,0],"26":[0,0],"27":[0,0],"28":[0,0]},"f":{"1":2,"2":2,"3":2,"4":2,"5":2,"6":2,"7":3,"8":3,"9":3,"10":1,"11":6,"12":0},"fnMap":{"1":{"name":"(anonymous_1)","line":26,"loc":{"start":{"line":26,"column":1},"end":{"line":26,"column":13}}},"2":{"name":"(anonymous_2)","line":33,"loc":{"start":{"line":33,"column":5},"end":{"line":33,"column":17}}},"3":{"name":"(anonymous_3)","line":37,"loc":{"start":{"line":37,"column":24},"end":{"line":37,"column":36}}},"4":{"name":"(anonymous_4)","line":69,"loc":{"start":{"line":69,"column":31},"end":{"line":69,"column":48}},"skip":true},"5":{"name":"(anonymous_5)","line":78,"loc":{"start":{"line":78,"column":26},"end":{"line":78,"column":45}},"skip":true},"6":{"name":"(anonymous_6)","line":123,"loc":{"start":{"line":123,"column":33},"end":{"line":123,"column":48}},"skip":true},"7":{"name":"(anonymous_7)","line":125,"loc":{"start":{"line":125,"column":27},"end":{"line":125,"column":39}},"skip":true},"8":{"name":"(anonymous_8)","line":133,"loc":{"start":{"line":133,"column":59},"end":{"line":133,"column":74}},"skip":true},"9":{"name":"(anonymous_9)","line":143,"loc":{"start":{"line":143,"column":45},"end":{"line":143,"column":62}},"skip":true},"10":{"name":"(anonymous_10)","line":144,"loc":{"start":{"line":144,"column":73},"end":{"line":144,"column":92}},"skip":true},"11":{"name":"(anonymous_11)","line":272,"loc":{"start":{"line":272,"column":51},"end":{"line":272,"column":77}},"skip":true},"12":{"name":"(anonymous_12)","line":315,"loc":{"start":{"line":315,"column":32},"end":{"line":315,"column":61}},"skip":true}},"statementMap":{"1":{"start":{"line":26,"column":0},"end":{"line":326,"column":5}},"2":{"start":{"line":28,"column":4},"end":{"line":28,"column":14}},"3":{"start":{"line":33,"column":4},"end":{"line":60,"column":9}},"4":{"start":{"line":35,"column":8},"end":{"line":35,"column":19}},"5":{"start":{"line":37,"column":8},"end":{"line":49,"column":13}},"6":{"start":{"line":38,"column":12},"end":{"line":48,"column":13}},"7":{"start":{"line":39,"column":16},"end":{"line":42,"column":30}},"8":{"start":{"line":44,"column":16},"end":{"line":47,"column":27}},"9":{"start":{"line":51,"column":8},"end":{"line":53,"column":21}},"10":{"start":{"line":55,"column":8},"end":{"line":57,"column":45}},"11":{"start":{"line":59,"column":8},"end":{"line":59,"column":35}},"12":{"start":{"line":61,"column":4},"end":{"line":325,"column":5}},"13":{"start":{"line":69,"column":8},"end":{"line":121,"column":10},"skip":true},"14":{"start":{"line":70,"column":12},"end":{"line":88,"column":13},"skip":true},"15":{"start":{"line":76,"column":16},"end":{"line":87,"column":19},"skip":true},"16":{"start":{"line":79,"column":20},"end":{"line":86,"column":21},"skip":true},"17":{"start":{"line":82,"column":24},"end":{"line":82,"column":43},"skip":true},"18":{"start":{"line":83,"column":24},"end":{"line":83,"column":30},"skip":true},"19":{"start":{"line":85,"column":24},"end":{"line":85,"column":49},"skip":true},"20":{"start":{"line":89,"column":12},"end":{"line":107,"column":13},"skip":true},"21":{"start":{"line":92,"column":16},"end":{"line":102,"column":17},"skip":true},"22":{"start":{"line":93,"column":20},"end":{"line":93,"column":86},"skip":true},"23":{"start":{"line":94,"column":20},"end":{"line":95,"column":45},"skip":true},"24":{"start":{"line":96,"column":20},"end":{"line":96,"column":42},"skip":true},"25":{"start":{"line":97,"column":20},"end":{"line":97,"column":48},"skip":true},"26":{"start":{"line":100,"column":20},"end":{"line":100,"column":85},"skip":true},"27":{"start":{"line":101,"column":20},"end":{"line":101,"column":96},"skip":true},"28":{"start":{"line":103,"column":16},"end":{"line":103,"column":22},"skip":true},"29":{"start":{"line":106,"column":16},"end":{"line":106,"column":22},"skip":true},"30":{"start":{"line":108,"column":12},"end":{"line":120,"column":13},"skip":true},"31":{"start":{"line":114,"column":16},"end":{"line":119,"column":17},"skip":true},"32":{"start":{"line":116,"column":20},"end":{"line":116,"column":78},"skip":true},"33":{"start":{"line":118,"column":20},"end":{"line":118,"column":47},"skip":true},"34":{"start":{"line":123,"column":8},"end":{"line":141,"column":11},"skip":true},"35":{"start":{"line":124,"column":12},"end":{"line":124,"column":54},"skip":true},"36":{"start":{"line":125,"column":12},"end":{"line":140,"column":14},"skip":true},"37":{"start":{"line":126,"column":16},"end":{"line":126,"column":28},"skip":true},"38":{"start":{"line":127,"column":16},"end":{"line":127,"column":69},"skip":true},"39":{"start":{"line":128,"column":16},"end":{"line":128,"column":75},"skip":true},"40":{"start":{"line":129,"column":16},"end":{"line":131,"column":17},"skip":true},"41":{"start":{"line":130,"column":20},"end":{"line":130,"column":27},"skip":true},"42":{"start":{"line":133,"column":16},"end":{"line":137,"column":36},"skip":true},"43":{"start":{"line":134,"column":20},"end":{"line":136,"column":55},"skip":true},"44":{"start":{"line":139,"column":16},"end":{"line":139,"column":57},"skip":true},"45":{"start":{"line":143,"column":8},"end":{"line":147,"column":11},"skip":true},"46":{"start":{"line":144,"column":12},"end":{"line":146,"column":15},"skip":true},"47":{"start":{"line":145,"column":16},"end":{"line":145,"column":70},"skip":true},"48":{"start":{"line":149,"column":8},"end":{"line":149,"column":31},"skip":true},"49":{"start":{"line":150,"column":8},"end":{"line":150,"column":14},"skip":true},"50":{"start":{"line":158,"column":8},"end":{"line":158,"column":31},"skip":true},"51":{"start":{"line":160,"column":8},"end":{"line":160,"column":33},"skip":true},"52":{"start":{"line":161,"column":8},"end":{"line":161,"column":37},"skip":true},"53":{"start":{"line":162,"column":8},"end":{"line":162,"column":35},"skip":true},"54":{"start":{"line":164,"column":8},"end":{"line":164,"column":50},"skip":true},"55":{"start":{"line":166,"column":8},"end":{"line":256,"column":2},"skip":true},"56":{"start":{"line":258,"column":8},"end":{"line":286,"column":9},"skip":true},"57":{"start":{"line":259,"column":12},"end":{"line":269,"column":14},"skip":true},"58":{"start":{"line":271,"column":12},"end":{"line":285,"column":19},"skip":true},"59":{"start":{"line":274,"column":20},"end":{"line":274,"column":35},"skip":true},"60":{"start":{"line":275,"column":20},"end":{"line":284,"column":21},"skip":true},"61":{"start":{"line":277,"column":24},"end":{"line":277,"column":64},"skip":true},"62":{"start":{"line":279,"column":24},"end":{"line":279,"column":40},"skip":true},"63":{"start":{"line":281,"column":24},"end":{"line":281,"column":40},"skip":true},"64":{"start":{"line":283,"column":24},"end":{"line":283,"column":39},"skip":true},"65":{"start":{"line":288,"column":8},"end":{"line":290,"column":9},"skip":true},"66":{"start":{"line":289,"column":12},"end":{"line":289,"column":18},"skip":true},"67":{"start":{"line":291,"column":8},"end":{"line":293,"column":54},"skip":true},"68":{"start":{"line":296,"column":8},"end":{"line":301,"column":37},"skip":true},"69":{"start":{"line":303,"column":8},"end":{"line":303,"column":82},"skip":true},"70":{"start":{"line":306,"column":8},"end":{"line":308,"column":9},"skip":true},"71":{"start":{"line":307,"column":12},"end":{"line":307,"column":82},"skip":true},"72":{"start":{"line":310,"column":8},"end":{"line":312,"column":9},"skip":true},"73":{"start":{"line":311,"column":12},"end":{"line":311,"column":18},"skip":true},"74":{"start":{"line":313,"column":8},"end":{"line":313,"column":54},"skip":true},"75":{"start":{"line":314,"column":8},"end":{"line":314,"column":69},"skip":true},"76":{"start":{"line":315,"column":8},"end":{"line":323,"column":36},"skip":true},"77":{"start":{"line":316,"column":12},"end":{"line":316,"column":61},"skip":true},"78":{"start":{"line":317,"column":12},"end":{"line":320,"column":13},"skip":true},"79":{"start":{"line":318,"column":16},"end":{"line":318,"column":75},"skip":true},"80":{"start":{"line":319,"column":16},"end":{"line":319,"column":23},"skip":true},"81":{"start":{"line":321,"column":12},"end":{"line":321,"column":38},"skip":true},"82":{"start":{"line":322,"column":12},"end":{"line":322,"column":27},"skip":true},"83":{"start":{"line":324,"column":8},"end":{"line":324,"column":14},"skip":true}},"branchMap":{"1":{"line":39,"type":"binary-expr","locations":[{"start":{"line":39,"column":23},"end":{"line":39,"column":62}},{"start":{"line":40,"column":20},"end":{"line":40,"column":70}},{"start":{"line":41,"column":20},"end":{"line":41,"column":71}},{"start":{"line":42,"column":20},"end":{"line":42,"column":29}}]},"2":{"line":44,"type":"binary-expr","locations":[{"start":{"line":44,"column":23},"end":{"line":44,"column":37}},{"start":{"line":45,"column":20},"end":{"line":45,"column":61}},{"start":{"line":46,"column":20},"end":{"line":46,"column":70}},{"start":{"line":47,"column":20},"end":{"line":47,"column":26}}]},"3":{"line":51,"type":"cond-expr","locations":[{"start":{"line":52,"column":14},"end":{"line":52,"column":20}},{"start":{"line":53,"column":14},"end":{"line":53,"column":20}}]},"4":{"line":55,"type":"binary-expr","locations":[{"start":{"line":55,"column":16},"end":{"line":55,"column":44}},{"start":{"line":55,"column":49},"end":{"line":57,"column":43}}]},"5":{"line":55,"type":"cond-expr","locations":[{"start":{"line":56,"column":14},"end":{"line":56,"column":46}},{"start":{"line":57,"column":14},"end":{"line":57,"column":43}}]},"6":{"line":61,"type":"switch","locations":[{"start":{"line":68,"column":4},"end":{"line":150,"column":14},"skip":true},{"start":{"line":156,"column":4},"end":{"line":324,"column":14},"skip":true}]},"7":{"line":70,"type":"if","locations":[{"start":{"line":70,"column":12},"end":{"line":70,"column":12},"skip":true},{"start":{"line":70,"column":12},"end":{"line":70,"column":12},"skip":true}]},"8":{"line":70,"type":"binary-expr","locations":[{"start":{"line":70,"column":16},"end":{"line":70,"column":22},"skip":true},{"start":{"line":70,"column":27},"end":{"line":70,"column":32},"skip":true},{"start":{"line":71,"column":20},"end":{"line":71,"column":39},"skip":true},{"start":{"line":72,"column":20},"end":{"line":72,"column":49},"skip":true},{"start":{"line":73,"column":20},"end":{"line":73,"column":58},"skip":true},{"start":{"line":74,"column":20},"end":{"line":74,"column":69},"skip":true}]},"9":{"line":79,"type":"switch","locations":[{"start":{"line":80,"column":20},"end":{"line":80,"column":33},"skip":true},{"start":{"line":81,"column":20},"end":{"line":83,"column":30},"skip":true},{"start":{"line":84,"column":20},"end":{"line":85,"column":49},"skip":true}]},"10":{"line":89,"type":"switch","locations":[{"start":{"line":90,"column":12},"end":{"line":103,"column":22},"skip":true},{"start":{"line":105,"column":12},"end":{"line":106,"column":22},"skip":true}]},"11":{"line":89,"type":"binary-expr","locations":[{"start":{"line":89,"column":20},"end":{"line":89,"column":25},"skip":true},{"start":{"line":89,"column":29},"end":{"line":89,"column":48},"skip":true},{"start":{"line":89,"column":52},"end":{"line":89,"column":74},"skip":true}]},"12":{"line":92,"type":"if","locations":[{"start":{"line":92,"column":16},"end":{"line":92,"column":16},"skip":true},{"start":{"line":92,"column":16},"end":{"line":92,"column":16},"skip":true}]},"13":{"line":108,"type":"if","locations":[{"start":{"line":108,"column":12},"end":{"line":108,"column":12},"skip":true},{"start":{"line":108,"column":12},"end":{"line":108,"column":12},"skip":true}]},"14":{"line":108,"type":"binary-expr","locations":[{"start":{"line":108,"column":16},"end":{"line":108,"column":61},"skip":true},{"start":{"line":108,"column":66},"end":{"line":108,"column":72},"skip":true},{"start":{"line":108,"column":77},"end":{"line":108,"column":82},"skip":true},{"start":{"line":109,"column":20},"end":{"line":109,"column":39},"skip":true},{"start":{"line":110,"column":20},"end":{"line":110,"column":49},"skip":true},{"start":{"line":111,"column":20},"end":{"line":111,"column":58},"skip":true},{"start":{"line":112,"column":20},"end":{"line":112,"column":68},"skip":true}]},"15":{"line":129,"type":"if","locations":[{"start":{"line":129,"column":16},"end":{"line":129,"column":16},"skip":true},{"start":{"line":129,"column":16},"end":{"line":129,"column":16},"skip":true}]},"16":{"line":134,"type":"cond-expr","locations":[{"start":{"line":135,"column":26},"end":{"line":135,"column":29},"skip":true},{"start":{"line":136,"column":26},"end":{"line":136,"column":54},"skip":true}]},"17":{"line":164,"type":"binary-expr","locations":[{"start":{"line":164,"column":27},"end":{"line":164,"column":43},"skip":true},{"start":{"line":164,"column":47},"end":{"line":164,"column":49},"skip":true}]},"18":{"line":258,"type":"if","locations":[{"start":{"line":258,"column":8},"end":{"line":258,"column":8},"skip":true},{"start":{"line":258,"column":8},"end":{"line":258,"column":8},"skip":true}]},"19":{"line":275,"type":"switch","locations":[{"start":{"line":276,"column":20},"end":{"line":277,"column":64},"skip":true},{"start":{"line":278,"column":20},"end":{"line":279,"column":40},"skip":true},{"start":{"line":280,"column":20},"end":{"line":281,"column":40},"skip":true},{"start":{"line":282,"column":20},"end":{"line":283,"column":39},"skip":true}]},"20":{"line":288,"type":"if","locations":[{"start":{"line":288,"column":8},"end":{"line":288,"column":8},"skip":true},{"start":{"line":288,"column":8},"end":{"line":288,"column":8},"skip":true}]},"21":{"line":288,"type":"binary-expr","locations":[{"start":{"line":288,"column":12},"end":{"line":288,"column":40},"skip":true},{"start":{"line":288,"column":44},"end":{"line":288,"column":67},"skip":true}]},"22":{"line":292,"type":"binary-expr","locations":[{"start":{"line":292,"column":12},"end":{"line":292,"column":50},"skip":true},{"start":{"line":293,"column":12},"end":{"line":293,"column":53},"skip":true}]},"23":{"line":297,"type":"binary-expr","locations":[{"start":{"line":297,"column":12},"end":{"line":297,"column":60},"skip":true},{"start":{"line":298,"column":12},"end":{"line":301,"column":36},"skip":true}]},"24":{"line":303,"type":"binary-expr","locations":[{"start":{"line":303,"column":43},"end":{"line":303,"column":75},"skip":true},{"start":{"line":303,"column":79},"end":{"line":303,"column":81},"skip":true}]},"25":{"line":306,"type":"if","locations":[{"start":{"line":306,"column":8},"end":{"line":306,"column":8},"skip":true},{"start":{"line":306,"column":8},"end":{"line":306,"column":8},"skip":true}]},"26":{"line":310,"type":"if","locations":[{"start":{"line":310,"column":8},"end":{"line":310,"column":8},"skip":true},{"start":{"line":310,"column":8},"end":{"line":310,"column":8},"skip":true}]},"27":{"line":313,"type":"binary-expr","locations":[{"start":{"line":313,"column":27},"end":{"line":313,"column":43},"skip":true},{"start":{"line":313,"column":47},"end":{"line":313,"column":53},"skip":true}]},"28":{"line":317,"type":"if","locations":[{"start":{"line":317,"column":12},"end":{"line":317,"column":12},"skip":true},{"start":{"line":317,"column":12},"end":{"line":317,"column":12},"skip":true}]}},"code":["/*","example.js","","quickstart example","","instruction","    1. save this script as example.js","    2. run the shell command:","        $ npm install npmtest-yo && PORT=8081 node example.js","    3. play with the browser-demo on http://127.0.0.1:8081","*/","","","","/* istanbul instrument in package npmtest_yo */","/*jslint","    bitwise: true,","    browser: true,","    maxerr: 8,","    maxlen: 96,","    node: true,","    nomen: true,","    regexp: true,","    stupid: true","*/","(function () {","    'use strict';","    var local;","","","","    // run shared js-env code - pre-init","    (function () {","        // init local","        local = {};","        // init modeJs","        local.modeJs = (function () {","            try {","                return typeof navigator.userAgent === 'string' &&","                    typeof document.querySelector('body') === 'object' &&","                    typeof XMLHttpRequest.prototype.open === 'function' &&","                    'browser';","            } catch (errorCaughtBrowser) {","                return module.exports &&","                    typeof process.versions.node === 'string' &&","                    typeof require('http').createServer === 'function' &&","                    'node';","            }","        }());","        // init global","        local.global = local.modeJs === 'browser'","            ? window","            : global;","        // init utility2_rollup","        local = local.global.utility2_rollup || (local.modeJs === 'browser'","            ? local.global.utility2_npmtest_yo","            : global.utility2_moduleExports);","        // export local","        local.global.local = local;","    }());","    switch (local.modeJs) {","","","","    // post-init","    // run browser js-env code - post-init","    /* istanbul ignore next */","    case 'browser':","        local.testRunBrowser = function (event) {","            if (!event || (event &&","                    event.currentTarget &&","                    event.currentTarget.className &&","                    event.currentTarget.className.includes &&","                    event.currentTarget.className.includes('onreset'))) {","                // reset output","                Array.from(","                    document.querySelectorAll('body > .resettable')","                ).forEach(function (element) {","                    switch (element.tagName) {","                    case 'INPUT':","                    case 'TEXTAREA':","                        element.value = '';","                        break;","                    default:","                        element.textContent = '';","                    }","                });","            }","            switch (event && event.currentTarget && event.currentTarget.id) {","            case 'testRunButton1':","                // show tests","                if (document.querySelector('#testReportDiv1').style.display === 'none') {","                    document.querySelector('#testReportDiv1').style.display = 'block';","                    document.querySelector('#testRunButton1').textContent =","                        'hide internal test';","                    local.modeTest = true;","                    local.testRunDefault(local);","                // hide tests","                } else {","                    document.querySelector('#testReportDiv1').style.display = 'none';","                    document.querySelector('#testRunButton1').textContent = 'run internal test';","                }","                break;","            // custom-case","            default:","                break;","            }","            if (document.querySelector('#inputTextareaEval1') && (!event || (event &&","                    event.currentTarget &&","                    event.currentTarget.className &&","                    event.currentTarget.className.includes &&","                    event.currentTarget.className.includes('oneval')))) {","                // try to eval input-code","                try {","                    /*jslint evil: true*/","                    eval(document.querySelector('#inputTextareaEval1').value);","                } catch (errorCaught) {","                    console.error(errorCaught);","                }","            }","        };","        // log stderr and stdout to #outputTextareaStdout1","        ['error', 'log'].forEach(function (key) {","            console[key + '_original'] = console[key];","            console[key] = function () {","                var element;","                console[key + '_original'].apply(console, arguments);","                element = document.querySelector('#outputTextareaStdout1');","                if (!element) {","                    return;","                }","                // append text to #outputTextareaStdout1","                element.value += Array.from(arguments).map(function (arg) {","                    return typeof arg === 'string'","                        ? arg","                        : JSON.stringify(arg, null, 4);","                }).join(' ') + '\\n';","                // scroll textarea to bottom","                element.scrollTop = element.scrollHeight;","            };","        });","        // init event-handling","        ['change', 'click', 'keyup'].forEach(function (event) {","            Array.from(document.querySelectorAll('.on' + event)).forEach(function (element) {","                element.addEventListener(event, local.testRunBrowser);","            });","        });","        // run tests","        local.testRunBrowser();","        break;","","","","    // run node js-env code - post-init","    /* istanbul ignore next */","    case 'node':","        // export local","        module.exports = local;","        // require modules","        local.fs = require('fs');","        local.http = require('http');","        local.url = require('url');","        // init assets","        local.assetsDict = local.assetsDict || {};","        /* jslint-ignore-begin */","        local.assetsDict['/assets.index.template.html'] = '\\","<!doctype html>\\n\\","<html lang=\"en\">\\n\\","<head>\\n\\","<meta charset=\"UTF-8\">\\n\\","<meta name=\"viewport\" content=\"width=device-width, initial-scale=1\">\\n\\","<title>{{env.npm_package_name}} (v{{env.npm_package_version}})</title>\\n\\","<style>\\n\\","/*csslint\\n\\","    box-sizing: false,\\n\\","    universal-selector: false\\n\\","*/\\n\\","* {\\n\\","    box-sizing: border-box;\\n\\","}\\n\\","body {\\n\\","    background: #dde;\\n\\","    font-family: Arial, Helvetica, sans-serif;\\n\\","    margin: 2rem;\\n\\","}\\n\\","body > * {\\n\\","    margin-bottom: 1rem;\\n\\","}\\n\\",".utility2FooterDiv {\\n\\","    margin-top: 20px;\\n\\","    text-align: center;\\n\\","}\\n\\","</style>\\n\\","<style>\\n\\","/*csslint\\n\\","*/\\n\\","textarea {\\n\\","    font-family: monospace;\\n\\","    height: 10rem;\\n\\","    width: 100%;\\n\\","}\\n\\","textarea[readonly] {\\n\\","    background: #ddd;\\n\\","}\\n\\","</style>\\n\\","</head>\\n\\","<body>\\n\\","<!-- utility2-comment\\n\\","<div id=\"ajaxProgressDiv1\" style=\"background: #d00; height: 2px; left: 0; margin: 0; padding: 0; position: fixed; top: 0; transition: background 0.5s, width 1.5s; width: 25%;\"></div>\\n\\","utility2-comment -->\\n\\","<h1>\\n\\","<!-- utility2-comment\\n\\","    <a\\n\\","        {{#if env.npm_package_homepage}}\\n\\","        href=\"{{env.npm_package_homepage}}\"\\n\\","        {{/if env.npm_package_homepage}}\\n\\","        target=\"_blank\"\\n\\","    >\\n\\","utility2-comment -->\\n\\","        {{env.npm_package_name}} (v{{env.npm_package_version}})\\n\\","<!-- utility2-comment\\n\\","    </a>\\n\\","utility2-comment -->\\n\\","</h1>\\n\\","<h3>{{env.npm_package_description}}</h3>\\n\\","<!-- utility2-comment\\n\\","<h4><a download href=\"assets.app.js\">download standalone app</a></h4>\\n\\","<button class=\"onclick onreset\" id=\"testRunButton1\">run internal test</button><br>\\n\\","<div id=\"testReportDiv1\" style=\"display: none;\"></div>\\n\\","utility2-comment -->\\n\\","\\n\\","\\n\\","\\n\\","<label>stderr and stdout</label>\\n\\","<textarea class=\"resettable\" id=\"outputTextareaStdout1\" readonly></textarea>\\n\\","<!-- utility2-comment\\n\\","{{#if isRollup}}\\n\\","<script src=\"assets.app.js\"></script>\\n\\","{{#unless isRollup}}\\n\\","utility2-comment -->\\n\\","<script src=\"assets.utility2.rollup.js\"></script>\\n\\","<script src=\"jsonp.utility2._stateInit?callback=window.utility2._stateInit\"></script>\\n\\","<script src=\"assets.npmtest_yo.rollup.js\"></script>\\n\\","<script src=\"assets.example.js\"></script>\\n\\","<script src=\"assets.test.js\"></script>\\n\\","<!-- utility2-comment\\n\\","{{/if isRollup}}\\n\\","utility2-comment -->\\n\\","<div class=\"utility2FooterDiv\">\\n\\","    [ this app was created with\\n\\","    <a href=\"https://github.com/kaizhu256/node-utility2\" target=\"_blank\">utility2</a>\\n\\","    ]\\n\\","</div>\\n\\","</body>\\n\\","</html>\\n\\","';","        /* jslint-ignore-end */","        if (local.templateRender) {","            local.assetsDict['/'] = local.templateRender(","                local.assetsDict['/assets.index.template.html'],","                {","                    env: local.objectSetDefault(local.env, {","                        npm_package_description: 'the greatest app in the world!',","                        npm_package_name: 'my-app',","                        npm_package_nameAlias: 'my_app',","                        npm_package_version: '0.0.1'","                    })","                }","            );","        } else {","            local.assetsDict['/'] = local.assetsDict['/assets.index.template.html']","                .replace((/\\{\\{env\\.(\\w+?)\\}\\}/g), function (match0, match1) {","                    // jslint-hack","                    String(match0);","                    switch (match1) {","                    case 'npm_package_description':","                        return 'the greatest app in the world!';","                    case 'npm_package_name':","                        return 'my-app';","                    case 'npm_package_nameAlias':","                        return 'my_app';","                    case 'npm_package_version':","                        return '0.0.1';","                    }","                });","        }","        // run the cli","        if (local.global.utility2_rollup || module !== require.main) {","            break;","        }","        local.assetsDict['/assets.example.js'] =","            local.assetsDict['/assets.example.js'] ||","            local.fs.readFileSync(__filename, 'utf8');","        // bug-workaround - long $npm_package_buildCustomOrg","        /* jslint-ignore-begin */","        local.assetsDict['/assets.npmtest_yo.rollup.js'] =","            local.assetsDict['/assets.npmtest_yo.rollup.js'] ||","            local.fs.readFileSync(","                local.npmtest_yo.__dirname + '/lib.npmtest_yo.js',","                'utf8'","            ).replace((/^#!/), '//');","        /* jslint-ignore-end */","        local.assetsDict['/favicon.ico'] = local.assetsDict['/favicon.ico'] || '';","        // if $npm_config_timeout_exit exists,","        // then exit this process after $npm_config_timeout_exit ms","        if (Number(process.env.npm_config_timeout_exit)) {","            setTimeout(process.exit, Number(process.env.npm_config_timeout_exit));","        }","        // start server","        if (local.global.utility2_serverHttp1) {","            break;","        }","        process.env.PORT = process.env.PORT || '8081';","        console.error('server starting on port ' + process.env.PORT);","        local.http.createServer(function (request, response) {","            request.urlParsed = local.url.parse(request.url);","            if (local.assetsDict[request.urlParsed.pathname] !== undefined) {","                response.end(local.assetsDict[request.urlParsed.pathname]);","                return;","            }","            response.statusCode = 404;","            response.end();","        }).listen(process.env.PORT);","        break;","    }","}());",""],"l":{"26":2,"28":2,"33":2,"35":2,"37":2,"38":2,"39":2,"44":1,"51":2,"55":2,"59":2,"61":2,"69":1,"70":2,"76":2,"79":2,"82":2,"83":2,"85":1,"89":2,"92":1,"93":1,"94":1,"96":1,"97":1,"100":1,"101":1,"103":1,"106":1,"108":2,"114":1,"116":1,"118":1,"123":1,"124":2,"125":2,"126":3,"127":3,"128":3,"129":3,"130":1,"133":3,"134":3,"139":3,"143":1,"144":3,"145":1,"149":1,"150":1,"158":1,"160":1,"161":1,"162":1,"164":1,"166":1,"258":1,"259":1,"271":1,"274":6,"275":6,"277":1,"279":2,"281":1,"283":2,"288":1,"289":1,"291":1,"296":1,"303":1,"306":1,"307":1,"310":1,"311":1,"313":1,"314":1,"315":1,"316":1,"317":1,"318":1,"319":1,"321":1,"322":1,"324":1}},"/home/travis/build/npmtest/node-npmtest-yo/node_modules/yo/lib/cli.js":{"path":"/home/travis/build/npmtest/node-npmtest-yo/node_modules/yo/lib/cli.js","s":{"1":1,"2":1,"3":1,"4":1,"5":1,"6":1,"7":1,"8":1,"9":1,"10":1,"11":1,"12":1,"13":1,"14":1,"15":1,"16":1,"17":1,"18":1,"19":1,"20":0,"21":0,"22":0,"23":1,"24":1,"25":1,"26":1,"27":1,"28":0,"29":0,"30":0,"31":0,"32":0,"33":0,"34":1,"35":0,"36":0,"37":0,"38":0,"39":0,"40":0,"41":0,"42":0,"43":0,"44":1,"45":0,"46":0,"47":0,"48":0,"49":0,"50":0,"51":0,"52":0,"53":0,"54":0,"55":0,"56":0,"57":0,"58":0,"59":1,"60":0,"61":0,"62":0,"63":0,"64":0,"65":0,"66":0,"67":0,"68":0,"69":0,"70":0,"71":0,"72":0,"73":0,"74":0,"75":0,"76":0,"77":0,"78":0,"79":1,"80":0,"81":0,"82":0,"83":0,"84":0,"85":0,"86":0,"87":0,"88":0,"89":0,"90":0,"91":0,"92":1,"93":1,"94":1,"95":1,"96":0,"97":1,"98":0,"99":1,"100":1,"101":1,"102":1,"103":0,"104":0,"105":0,"106":0},"b":{"1":[1,0],"2":[0,0],"3":[0,0],"4":[0,0],"5":[0,0],"6":[0,0],"7":[0,0],"8":[0,0],"9":[0,0],"10":[0,0],"11":[0,0],"12":[0,0],"13":[0,0],"14":[0,0],"15":[0,1],"16":[0,1],"17":[1,0],"18":[1,1],"19":[0,0]},"f":{"1":1,"2":0,"3":0,"4":0,"5":0,"6":0,"7":0,"8":0,"9":0,"10":0,"11":0,"12":0,"13":0,"14":0},"fnMap":{"1":{"name":"(anonymous_1)","line":23,"loc":{"start":{"line":23,"column":19},"end":{"line":23,"column":34}}},"2":{"name":"(anonymous_2)","line":30,"loc":{"start":{"line":30,"column":28},"end":{"line":30,"column":43}}},"3":{"name":"(anonymous_3)","line":31,"loc":{"start":{"line":31,"column":42},"end":{"line":31,"column":55}}},"4":{"name":"updateCheck","line":45,"loc":{"start":{"line":45,"column":0},"end":{"line":45,"column":23}}},"5":{"name":"pre","line":56,"loc":{"start":{"line":56,"column":0},"end":{"line":56,"column":15}}},"6":{"name":"createGeneratorList","line":76,"loc":{"start":{"line":76,"column":0},"end":{"line":76,"column":34}}},"7":{"name":"(anonymous_7)","line":77,"loc":{"start":{"line":77,"column":63},"end":{"line":77,"column":102}}},"8":{"name":"(anonymous_8)","line":96,"loc":{"start":{"line":96,"column":37},"end":{"line":96,"column":58}}},"9":{"name":"(anonymous_9)","line":97,"loc":{"start":{"line":97,"column":50},"end":{"line":97,"column":74}}},"10":{"name":"init","line":105,"loc":{"start":{"line":105,"column":0},"end":{"line":105,"column":16}}},"11":{"name":"(anonymous_11)","line":108,"loc":{"start":{"line":108,"column":18},"end":{"line":108,"column":33}}},"12":{"name":"(anonymous_12)","line":115,"loc":{"start":{"line":115,"column":13},"end":{"line":115,"column":25}}},"13":{"name":"(anonymous_13)","line":139,"loc":{"start":{"line":139,"column":16},"end":{"line":139,"column":31}}},"14":{"name":"runYo","line":145,"loc":{"start":{"line":145,"column":0},"end":{"line":145,"column":20}}}},"statementMap":{"1":{"start":{"line":3,"column":0},"end":{"line":3,"column":23}},"2":{"start":{"line":4,"column":0},"end":{"line":4,"column":27}},"3":{"start":{"line":5,"column":0},"end":{"line":5,"column":29}},"4":{"start":{"line":6,"column":0},"end":{"line":6,"column":48}},"5":{"start":{"line":7,"column":0},"end":{"line":7,"column":33}},"6":{"start":{"line":8,"column":0},"end":{"line":8,"column":29}},"7":{"start":{"line":9,"column":0},"end":{"line":9,"column":44}},"8":{"start":{"line":10,"column":0},"end":{"line":10,"column":38}},"9":{"start":{"line":11,"column":0},"end":{"line":11,"column":27}},"10":{"start":{"line":12,"column":0},"end":{"line":12,"column":31}},"11":{"start":{"line":13,"column":0},"end":{"line":13,"column":37}},"12":{"start":{"line":14,"column":0},"end":{"line":14,"column":33}},"13":{"start":{"line":15,"column":0},"end":{"line":15,"column":39}},"14":{"start":{"line":18,"column":0},"end":{"line":21,"column":3}},"15":{"start":{"line":23,"column":0},"end":{"line":39,"column":3}},"16":{"start":{"line":24,"column":2},"end":{"line":24,"column":59}},"17":{"start":{"line":25,"column":2},"end":{"line":25,"column":27}},"18":{"start":{"line":26,"column":2},"end":{"line":26,"column":27}},"19":{"start":{"line":30,"column":2},"end":{"line":36,"column":5}},"20":{"start":{"line":31,"column":4},"end":{"line":33,"column":7}},"21":{"start":{"line":32,"column":6},"end":{"line":32,"column":35}},"22":{"start":{"line":35,"column":4},"end":{"line":35,"column":32}},"23":{"start":{"line":38,"column":2},"end":{"line":38,"column":36}},"24":{"start":{"line":41,"column":0},"end":{"line":41,"column":48}},"25":{"start":{"line":42,"column":0},"end":{"line":42,"column":27}},"26":{"start":{"line":43,"column":0},"end":{"line":43,"column":12}},"27":{"start":{"line":45,"column":0},"end":{"line":54,"column":1}},"28":{"start":{"line":46,"column":2},"end":{"line":46,"column":44}},"29":{"start":{"line":47,"column":2},"end":{"line":47,"column":19}},"30":{"start":{"line":49,"column":2},"end":{"line":53,"column":3}},"31":{"start":{"line":50,"column":4},"end":{"line":50,"column":142}},"32":{"start":{"line":51,"column":4},"end":{"line":51,"column":87}},"33":{"start":{"line":52,"column":4},"end":{"line":52,"column":81}},"34":{"start":{"line":56,"column":0},"end":{"line":74,"column":1}},"35":{"start":{"line":58,"column":2},"end":{"line":61,"column":3}},"36":{"start":{"line":59,"column":4},"end":{"line":59,"column":31}},"37":{"start":{"line":60,"column":4},"end":{"line":60,"column":11}},"38":{"start":{"line":63,"column":2},"end":{"line":65,"column":3}},"39":{"start":{"line":64,"column":4},"end":{"line":64,"column":28}},"40":{"start":{"line":68,"column":2},"end":{"line":71,"column":3}},"41":{"start":{"line":69,"column":4},"end":{"line":69,"column":45}},"42":{"start":{"line":70,"column":4},"end":{"line":70,"column":11}},"43":{"start":{"line":73,"column":2},"end":{"line":73,"column":9}},"44":{"start":{"line":76,"column":0},"end":{"line":103,"column":1}},"45":{"start":{"line":77,"column":2},"end":{"line":90,"column":9}},"46":{"start":{"line":78,"column":4},"end":{"line":78,"column":37}},"47":{"start":{"line":79,"column":4},"end":{"line":79,"column":38}},"48":{"start":{"line":81,"column":4},"end":{"line":83,"column":5}},"49":{"start":{"line":82,"column":6},"end":{"line":82,"column":43}},"50":{"start":{"line":85,"column":4},"end":{"line":87,"column":5}},"51":{"start":{"line":86,"column":6},"end":{"line":86,"column":60}},"52":{"start":{"line":89,"column":4},"end":{"line":89,"column":28}},"53":{"start":{"line":92,"column":2},"end":{"line":94,"column":3}},"54":{"start":{"line":93,"column":4},"end":{"line":93,"column":115}},"55":{"start":{"line":96,"column":2},"end":{"line":102,"column":16}},"56":{"start":{"line":97,"column":4},"end":{"line":99,"column":18}},"57":{"start":{"line":98,"column":6},"end":{"line":98,"column":35}},"58":{"start":{"line":101,"column":4},"end":{"line":101,"column":51}},"59":{"start":{"line":105,"column":0},"end":{"line":143,"column":1}},"60":{"start":{"line":106,"column":2},"end":{"line":106,"column":54}},"61":{"start":{"line":108,"column":2},"end":{"line":112,"column":5}},"62":{"start":{"line":109,"column":4},"end":{"line":109,"column":66}},"63":{"start":{"line":110,"column":4},"end":{"line":110,"column":65}},"64":{"start":{"line":111,"column":4},"end":{"line":111,"column":32}},"65":{"start":{"line":115,"column":2},"end":{"line":142,"column":5}},"66":{"start":{"line":116,"column":4},"end":{"line":116,"column":49}},"67":{"start":{"line":119,"column":4},"end":{"line":122,"column":5}},"68":{"start":{"line":120,"column":6},"end":{"line":120,"column":63}},"69":{"start":{"line":121,"column":6},"end":{"line":121,"column":13}},"70":{"start":{"line":125,"column":4},"end":{"line":134,"column":5}},"71":{"start":{"line":126,"column":6},"end":{"line":130,"column":7}},"72":{"start":{"line":127,"column":8},"end":{"line":127,"column":83}},"73":{"start":{"line":128,"column":8},"end":{"line":128,"column":79}},"74":{"start":{"line":129,"column":8},"end":{"line":129,"column":15}},"75":{"start":{"line":132,"column":6},"end":{"line":132,"column":17}},"76":{"start":{"line":133,"column":6},"end":{"line":133,"column":13}},"77":{"start":{"line":139,"column":4},"end":{"line":141,"column":7}},"78":{"start":{"line":140,"column":6},"end":{"line":140,"column":34}},"79":{"start":{"line":145,"column":0},"end":{"line":160,"column":1}},"80":{"start":{"line":146,"column":2},"end":{"line":146,"column":40}},"81":{"start":{"line":147,"column":2},"end":{"line":147,"column":39}},"82":{"start":{"line":148,"column":2},"end":{"line":148,"column":57}},"83":{"start":{"line":149,"column":2},"end":{"line":149,"column":61}},"84":{"start":{"line":150,"column":2},"end":{"line":150,"column":55}},"85":{"start":{"line":151,"column":2},"end":{"line":151,"column":63}},"86":{"start":{"line":152,"column":2},"end":{"line":152,"column":57}},"87":{"start":{"line":153,"column":2},"end":{"line":153,"column":72}},"88":{"start":{"line":154,"column":2},"end":{"line":154,"column":57}},"89":{"start":{"line":156,"column":2},"end":{"line":156,"column":61}},"90":{"start":{"line":158,"column":2},"end":{"line":158,"column":37}},"91":{"start":{"line":159,"column":2},"end":{"line":159,"column":26}},"92":{"start":{"line":162,"column":0},"end":{"line":162,"column":608}},"93":{"start":{"line":164,"column":0},"end":{"line":170,"column":91}},"94":{"start":{"line":172,"column":0},"end":{"line":175,"column":3}},"95":{"start":{"line":177,"column":0},"end":{"line":181,"column":1}},"96":{"start":{"line":178,"column":2},"end":{"line":178,"column":37}},"97":{"start":{"line":179,"column":7},"end":{"line":181,"column":1}},"98":{"start":{"line":180,"column":2},"end":{"line":180,"column":38}},"99":{"start":{"line":183,"column":0},"end":{"line":195,"column":1}},"100":{"start":{"line":184,"column":2},"end":{"line":184,"column":48}},"101":{"start":{"line":185,"column":2},"end":{"line":185,"column":30}},"102":{"start":{"line":186,"column":2},"end":{"line":186,"column":41}},"103":{"start":{"line":188,"column":2},"end":{"line":191,"column":3}},"104":{"start":{"line":190,"column":4},"end":{"line":190,"column":60}},"105":{"start":{"line":193,"column":2},"end":{"line":193,"column":16}},"106":{"start":{"line":194,"column":2},"end":{"line":194,"column":8}}},"branchMap":{"1":{"line":41,"type":"binary-expr","locations":[{"start":{"line":41,"column":15},"end":{"line":41,"column":21}},{"start":{"line":41,"column":25},"end":{"line":41,"column":47}}]},"2":{"line":49,"type":"if","locations":[{"start":{"line":49,"column":2},"end":{"line":49,"column":2}},{"start":{"line":49,"column":2},"end":{"line":49,"column":2}}]},"3":{"line":58,"type":"if","locations":[{"start":{"line":58,"column":2},"end":{"line":58,"column":2}},{"start":{"line":58,"column":2},"end":{"line":58,"column":2}}]},"4":{"line":63,"type":"if","locations":[{"start":{"line":63,"column":2},"end":{"line":63,"column":2}},{"start":{"line":63,"column":2},"end":{"line":63,"column":2}}]},"5":{"line":68,"type":"if","locations":[{"start":{"line":68,"column":2},"end":{"line":68,"column":2}},{"start":{"line":68,"column":2},"end":{"line":68,"column":2}}]},"6":{"line":68,"type":"binary-expr","locations":[{"start":{"line":68,"column":6},"end":{"line":68,"column":22}},{"start":{"line":68,"column":26},"end":{"line":68,"column":38}}]},"7":{"line":81,"type":"if","locations":[{"start":{"line":81,"column":4},"end":{"line":81,"column":4}},{"start":{"line":81,"column":4},"end":{"line":81,"column":4}}]},"8":{"line":85,"type":"if","locations":[{"start":{"line":85,"column":4},"end":{"line":85,"column":4}},{"start":{"line":85,"column":4},"end":{"line":85,"column":4}}]},"9":{"line":92,"type":"if","locations":[{"start":{"line":92,"column":2},"end":{"line":92,"column":2}},{"start":{"line":92,"column":2},"end":{"line":92,"column":2}}]},"10":{"line":110,"type":"cond-expr","locations":[{"start":{"line":110,"column":40},"end":{"line":110,"column":49}},{"start":{"line":110,"column":52},"end":{"line":110,"column":63}}]},"11":{"line":111,"type":"binary-expr","locations":[{"start":{"line":111,"column":17},"end":{"line":111,"column":25}},{"start":{"line":111,"column":29},"end":{"line":111,"column":30}}]},"12":{"line":119,"type":"if","locations":[{"start":{"line":119,"column":4},"end":{"line":119,"column":4}},{"start":{"line":119,"column":4},"end":{"line":119,"column":4}}]},"13":{"line":125,"type":"if","locations":[{"start":{"line":125,"column":4},"end":{"line":125,"column":4}},{"start":{"line":125,"column":4},"end":{"line":125,"column":4}}]},"14":{"line":126,"type":"if","locations":[{"start":{"line":126,"column":6},"end":{"line":126,"column":6}},{"start":{"line":126,"column":6},"end":{"line":126,"column":6}}]},"15":{"line":177,"type":"if","locations":[{"start":{"line":177,"column":0},"end":{"line":177,"column":0}},{"start":{"line":177,"column":0},"end":{"line":177,"column":0}}]},"16":{"line":179,"type":"if","locations":[{"start":{"line":179,"column":7},"end":{"line":179,"column":7}},{"start":{"line":179,"column":7},"end":{"line":179,"column":7}}]},"17":{"line":183,"type":"if","locations":[{"start":{"line":183,"column":0},"end":{"line":183,"column":0}},{"start":{"line":183,"column":0},"end":{"line":183,"column":0}}]},"18":{"line":183,"type":"binary-expr","locations":[{"start":{"line":183,"column":4},"end":{"line":183,"column":35}},{"start":{"line":183,"column":39},"end":{"line":183,"column":67}}]},"19":{"line":188,"type":"if","locations":[{"start":{"line":188,"column":2},"end":{"line":188,"column":2}},{"start":{"line":188,"column":2},"end":{"line":188,"column":2}}]}},"code":["//#!/usr/bin/env node","'use strict';","var fs = require('fs');","var path = require('path');","var chalk = require('chalk');","var updateNotifier = require('update-notifier');","var Insight = require('insight');","var yosay = require('yosay');","var stringLength = require('string-length');","var rootCheck = require('root-check');","var meow = require('meow');","var list = require('cli-list');","var pkg = require('../package.json');","var Router = require('./router');","var gens = list(process.argv.slice(2));","","/* eslint new-cap: 0, no-extra-parens: 0 */","var tabtab = new (require('tabtab').Commands.default)({","  name: 'yo',","  completer: 'yo-complete'","});","","var cli = gens.map(function (gen) {","  var minicli = meow({ help: false, pkg: pkg, argv: gen });","  var opts = minicli.flags;","  var args = minicli.input;","","  // add un-camelized options too, for legacy","  // TODO: remove some time in the future when generators have upgraded","  Object.keys(opts).forEach(function (key) {","    var legacyKey = key.replace(/[A-Z]/g, function (m) {","      return '-' + m.toLowerCase();","    });","","    opts[legacyKey] = opts[key];","  });","","  return { opts: opts, args: args };","});","","var firstCmd = cli[0] || { opts: {}, args: {} };","var cmd = firstCmd.args[0];","var insight;","","function updateCheck() {","  var notifier = updateNotifier({pkg: pkg});","  var message = [];","","  if (notifier.update) {","    message.push('Update available: ' + chalk.green.bold(notifier.update.latest) + chalk.gray(' (current: ' + notifier.update.current + ')'));","    message.push('Run ' + chalk.magenta('npm install -g ' + pkg.name) + ' to update.');","    console.log(yosay(message.join(' '), {maxLength: stringLength(message[0])}));","  }","}","","function pre() {","  // debugging helper","  if (cmd === 'doctor') {","    require('yeoman-doctor')();","    return;","  }","","  if (cmd === 'completion') {","    return tabtab.install();","  }","","  // easteregg","  if (cmd === 'yeoman' || cmd === 'yo') {","    console.log(require('yeoman-character'));","    return;","  }","","  init();","}","","function createGeneratorList(env) {","  var generators = Object.keys(env.getGeneratorsMeta()).reduce(function (namesByGenerator, generator) {","    var parts = generator.split(':');","    var generatorName = parts.shift();","    // If first time we found this generator, prepare to save all its sub-generators","    if (!namesByGenerator[generatorName]) {","      namesByGenerator[generatorName] = [];","    }","    // If sub-generator (!== app), save it","    if (parts[0] !== 'app') {","      namesByGenerator[generatorName].push(parts.join(':'));","    }","","    return namesByGenerator;","  }, {});","","  if (!Object.keys(generators).length) {","    return '  Couldn\\'t find any generators, did you install any? Troubleshoot issues by running\\n\\n  $ yo doctor';","  }","","  return Object.keys(generators).map(function (generator) {","    var subGenerators = generators[generator].map(function (subGenerator) {","      return '    ' + subGenerator;","    }).join('\\n');","","    return '  ' + generator + '\\n' + subGenerators;","  }).join('\\n');","}","","function init() {","  var env = require('yeoman-environment').createEnv();","","  env.on('error', function (err) {","    console.error('Error', process.argv.slice(2).join(' '), '\\n');","    console.error(firstCmd.opts.debug ? err.stack : err.message);","    process.exit(err.code || 1);","  });","","  // lookup for every namespaces, within the environments.paths and lookups","  env.lookup(function () {","    var generatorList = createGeneratorList(env);","","    // list generators","    if (firstCmd.opts.generators) {","      console.log('Available Generators:\\n\\n' + generatorList);","      return;","    }","","    // start the interactive UI if no generator is passed","    if (!cmd) {","      if (firstCmd.opts.help) {","        var usageText = fs.readFileSync(path.join(__dirname, 'usage.txt'), 'utf8');","        console.log(usageText + '\\nAvailable Generators:\\n\\n' + generatorList);","        return;","      }","","      runYo(env);","      return;","    }","","    // Note: at some point, nopt needs to know about the generator options, the","    // one that will be triggered by the below args. Maybe the nopt parsing","    // should be done internally, from the args.","    cli.forEach(function (gen) {","      env.run(gen.args, gen.opts);","    });","  });","}","","function runYo(env) {","  var router = new Router(env, insight);","  router.insight.track('yoyo', 'init');","  router.registerRoute('help', require('./routes/help'));","  router.registerRoute('update', require('./routes/update'));","  router.registerRoute('run', require('./routes/run'));","  router.registerRoute('install', require('./routes/install'));","  router.registerRoute('exit', require('./routes/exit'));","  router.registerRoute('clearConfig', require('./routes/clear-config'));","  router.registerRoute('home', require('./routes/home'));","","  process.once('exit', router.navigate.bind(router, 'exit'));","","  router.updateAvailableGenerators();","  router.navigate('home');","}","","rootCheck('\\n' + chalk.red('Easy with the `sudo`. Yeoman is the master around here.') + '\\n\\nSince yo is a user command, there is no need to execute it with root\\npermissions. If you\\'re having permission errors when using yo without sudo,\\nplease spend a few minutes learning more about how your system should work\\nand make any necessary repairs.\\n\\nA quick solution would be to change where npm stores global packages by\\nputting ~/npm/bin in your PATH and running:\\n' + chalk.blue('npm config set prefix ~/npm') + '\\n\\nSee: https://github.com/sindresorhus/guides/blob/master/npm-global-without-sudo.md');","","var insightMsg = chalk.gray('==========================================================================') +","chalk.yellow('\\nWe\\'re constantly looking for ways to make ') + chalk.bold.red(pkg.name) +","chalk.yellow(","  ' better! \\nMay we anonymously report usage statistics to improve the tool over time? \\n' +","  'More info: https://github.com/yeoman/insight & http://yeoman.io'",") +","chalk.gray('\\n==========================================================================');","","insight = new Insight({","  trackingCode: 'UA-31537568-1',","  pkg: pkg","});","","if (firstCmd.opts.insight === false) {","  insight.config.set('optOut', true);","} else if (firstCmd.opts.insight) {","  insight.config.set('optOut', false);","}","","if (firstCmd.opts.insight !== false && insight.optOut === undefined) {","  insight.optOut = insight.config.get('optOut');","  insight.track('downloaded');","  insight.askPermission(insightMsg, pre);","} else {","  if (firstCmd.opts.insight !== false) {","    // only track the two first subcommands","    insight.track.apply(insight, firstCmd.args.slice(0, 2));","  }","","  updateCheck();","  pre();","}",""],"l":{"3":1,"4":1,"5":1,"6":1,"7":1,"8":1,"9":1,"10":1,"11":1,"12":1,"13":1,"14":1,"15":1,"18":1,"23":1,"24":1,"25":1,"26":1,"30":1,"31":0,"32":0,"35":0,"38":1,"41":1,"42":1,"43":1,"45":1,"46":0,"47":0,"49":0,"50":0,"51":0,"52":0,"56":1,"58":0,"59":0,"60":0,"63":0,"64":0,"68":0,"69":0,"70":0,"73":0,"76":1,"77":0,"78":0,"79":0,"81":0,"82":0,"85":0,"86":0,"89":0,"92":0,"93":0,"96":0,"97":0,"98":0,"101":0,"105":1,"106":0,"108":0,"109":0,"110":0,"111":0,"115":0,"116":0,"119":0,"120":0,"121":0,"125":0,"126":0,"127":0,"128":0,"129":0,"132":0,"133":0,"139":0,"140":0,"145":1,"146":0,"147":0,"148":0,"149":0,"150":0,"151":0,"152":0,"153":0,"154":0,"156":0,"158":0,"159":0,"162":1,"164":1,"172":1,"177":1,"178":0,"179":1,"180":0,"183":1,"184":1,"185":1,"186":1,"188":0,"190":0,"193":0,"194":0}},"/home/travis/build/npmtest/node-npmtest-yo/node_modules/yosay/index.js":{"path":"/home/travis/build/npmtest/node-npmtest-yo/node_modules/yosay/index.js","s":{"1":1,"2":1,"3":1,"4":1,"5":1,"6":1,"7":1,"8":1,"9":1,"10":1,"11":1,"12":1,"13":1,"14":0,"15":0,"16":0,"17":0,"18":0,"19":0,"20":0,"21":0,"22":0,"23":0,"24":0,"25":0,"26":0,"27":0,"28":0,"29":0,"30":0,"31":0,"32":0,"33":0,"34":0,"35":0,"36":0,"37":0,"38":0,"39":0,"40":0,"41":0,"42":0,"43":0,"44":0,"45":0,"46":0,"47":0,"48":0,"49":0,"50":0,"51":0,"52":0,"53":0,"54":0,"55":0,"56":0,"57":0,"58":0,"59":0,"60":0,"61":0,"62":0,"63":0,"64":0,"65":0,"66":0,"67":0,"68":0,"69":0,"70":0,"71":0,"72":0,"73":0,"74":0,"75":0},"b":{"1":[0,0],"2":[0,0],"3":[0,0],"4":[0,0],"5":[0,0],"6":[0,0],"7":[0,0],"8":[0,0],"9":[0,0],"10":[0,0],"11":[0,0],"12":[0,0],"13":[0,0],"14":[0,0],"15":[0,0],"16":[0,0],"17":[0,0],"18":[0,0],"19":[0,0]},"f":{"1":0,"2":0,"3":0,"4":0,"5":0,"6":0,"7":0},"fnMap":{"1":{"name":"(anonymous_1)","line":25,"loc":{"start":{"line":25,"column":17},"end":{"line":25,"column":45}}},"2":{"name":"(anonymous_2)","line":83,"loc":{"start":{"line":83,"column":29},"end":{"line":83,"column":54}}},"3":{"name":"(anonymous_3)","line":84,"loc":{"start":{"line":84,"column":39},"end":{"line":84,"column":54}}},"4":{"name":"(anonymous_4)","line":93,"loc":{"start":{"line":93,"column":12},"end":{"line":93,"column":51}}},"5":{"name":"(anonymous_5)","line":104,"loc":{"start":{"line":104,"column":23},"end":{"line":104,"column":50}}},"6":{"name":"(anonymous_6)","line":112,"loc":{"start":{"line":112,"column":45},"end":{"line":112,"column":63}}},"7":{"name":"(anonymous_7)","line":135,"loc":{"start":{"line":135,"column":17},"end":{"line":135,"column":29}}}},"statementMap":{"1":{"start":{"line":2,"column":0},"end":{"line":2,"column":29}},"2":{"start":{"line":3,"column":0},"end":{"line":3,"column":35}},"3":{"start":{"line":4,"column":0},"end":{"line":4,"column":32}},"4":{"start":{"line":5,"column":0},"end":{"line":5,"column":42}},"5":{"start":{"line":6,"column":0},"end":{"line":6,"column":38}},"6":{"start":{"line":7,"column":0},"end":{"line":7,"column":40}},"7":{"start":{"line":8,"column":0},"end":{"line":8,"column":40}},"8":{"start":{"line":9,"column":0},"end":{"line":9,"column":37}},"9":{"start":{"line":10,"column":0},"end":{"line":10,"column":36}},"10":{"start":{"line":12,"column":0},"end":{"line":12,"column":28}},"11":{"start":{"line":13,"column":0},"end":{"line":13,"column":20}},"12":{"start":{"line":14,"column":0},"end":{"line":23,"column":66}},"13":{"start":{"line":25,"column":0},"end":{"line":180,"column":2}},"14":{"start":{"line":26,"column":2},"end":{"line":26,"column":75}},"15":{"start":{"line":27,"column":2},"end":{"line":27,"column":26}},"16":{"start":{"line":45,"column":2},"end":{"line":45,"column":21}},"17":{"start":{"line":46,"column":2},"end":{"line":46,"column":12}},"18":{"start":{"line":47,"column":2},"end":{"line":47,"column":25}},"19":{"start":{"line":48,"column":2},"end":{"line":48,"column":27}},"20":{"start":{"line":49,"column":2},"end":{"line":49,"column":19}},"21":{"start":{"line":50,"column":2},"end":{"line":50,"column":20}},"22":{"start":{"line":53,"column":2},"end":{"line":53,"column":34}},"23":{"start":{"line":56,"column":2},"end":{"line":56,"column":35}},"24":{"start":{"line":59,"column":2},"end":{"line":59,"column":83}},"25":{"start":{"line":62,"column":2},"end":{"line":62,"column":44}},"26":{"start":{"line":64,"column":2},"end":{"line":71,"column":3}},"27":{"start":{"line":65,"column":4},"end":{"line":65,"column":77}},"28":{"start":{"line":67,"column":4},"end":{"line":70,"column":5}},"29":{"start":{"line":68,"column":6},"end":{"line":68,"column":36}},"30":{"start":{"line":69,"column":6},"end":{"line":69,"column":81}},"31":{"start":{"line":73,"column":2},"end":{"line":73,"column":54}},"32":{"start":{"line":75,"column":2},"end":{"line":75,"column":69}},"33":{"start":{"line":77,"column":2},"end":{"line":81,"column":4}},"34":{"start":{"line":83,"column":2},"end":{"line":89,"column":5}},"35":{"start":{"line":84,"column":4},"end":{"line":86,"column":7}},"36":{"start":{"line":85,"column":6},"end":{"line":85,"column":42}},"37":{"start":{"line":88,"column":4},"end":{"line":88,"column":90}},"38":{"start":{"line":91,"column":2},"end":{"line":179,"column":23}},"39":{"start":{"line":94,"column":6},"end":{"line":94,"column":23}},"40":{"start":{"line":96,"column":6},"end":{"line":98,"column":7}},"41":{"start":{"line":97,"column":8},"end":{"line":97,"column":25}},"42":{"start":{"line":100,"column":6},"end":{"line":100,"column":29}},"43":{"start":{"line":102,"column":6},"end":{"line":131,"column":16}},"44":{"start":{"line":105,"column":10},"end":{"line":107,"column":11}},"45":{"start":{"line":106,"column":12},"end":{"line":106,"column":69}},"46":{"start":{"line":109,"column":10},"end":{"line":109,"column":36}},"47":{"start":{"line":110,"column":10},"end":{"line":110,"column":29}},"48":{"start":{"line":112,"column":10},"end":{"line":121,"column":13}},"49":{"start":{"line":113,"column":12},"end":{"line":116,"column":13}},"50":{"start":{"line":114,"column":14},"end":{"line":114,"column":34}},"51":{"start":{"line":115,"column":14},"end":{"line":115,"column":53}},"52":{"start":{"line":118,"column":12},"end":{"line":120,"column":13}},"53":{"start":{"line":119,"column":14},"end":{"line":119,"column":34}},"54":{"start":{"line":123,"column":10},"end":{"line":127,"column":11}},"55":{"start":{"line":124,"column":12},"end":{"line":124,"column":51}},"56":{"start":{"line":125,"column":17},"end":{"line":127,"column":11}},"57":{"start":{"line":126,"column":12},"end":{"line":126,"column":41}},"58":{"start":{"line":129,"column":10},"end":{"line":129,"column":22}},"59":{"start":{"line":133,"column":6},"end":{"line":138,"column":20}},"60":{"start":{"line":136,"column":10},"end":{"line":136,"column":69}},"61":{"start":{"line":140,"column":6},"end":{"line":165,"column":7}},"62":{"start":{"line":143,"column":8},"end":{"line":145,"column":9}},"63":{"start":{"line":144,"column":10},"end":{"line":144,"column":25}},"64":{"start":{"line":147,"column":8},"end":{"line":149,"column":9}},"65":{"start":{"line":148,"column":10},"end":{"line":148,"column":25}},"66":{"start":{"line":154,"column":8},"end":{"line":162,"column":9}},"67":{"start":{"line":155,"column":10},"end":{"line":155,"column":93}},"68":{"start":{"line":157,"column":10},"end":{"line":159,"column":11}},"69":{"start":{"line":158,"column":12},"end":{"line":158,"column":33}},"70":{"start":{"line":161,"column":10},"end":{"line":161,"column":69}},"71":{"start":{"line":164,"column":8},"end":{"line":164,"column":45}},"72":{"start":{"line":167,"column":6},"end":{"line":169,"column":59}},"73":{"start":{"line":171,"column":6},"end":{"line":175,"column":7}},"74":{"start":{"line":172,"column":8},"end":{"line":174,"column":23}},"75":{"start":{"line":177,"column":6},"end":{"line":177,"column":22}}},"branchMap":{"1":{"line":26,"type":"binary-expr","locations":[{"start":{"line":26,"column":13},"end":{"line":26,"column":20}},{"start":{"line":26,"column":24},"end":{"line":26,"column":66}}]},"2":{"line":27,"type":"binary-expr","locations":[{"start":{"line":27,"column":12},"end":{"line":27,"column":19}},{"start":{"line":27,"column":23},"end":{"line":27,"column":25}}]},"3":{"line":64,"type":"if","locations":[{"start":{"line":64,"column":2},"end":{"line":64,"column":2}},{"start":{"line":64,"column":2},"end":{"line":64,"column":2}}]},"4":{"line":67,"type":"if","locations":[{"start":{"line":67,"column":4},"end":{"line":67,"column":4}},{"start":{"line":67,"column":4},"end":{"line":67,"column":4}}]},"5":{"line":88,"type":"cond-expr","locations":[{"start":{"line":88,"column":52},"end":{"line":88,"column":81}},{"start":{"line":88,"column":84},"end":{"line":88,"column":89}}]},"6":{"line":96,"type":"if","locations":[{"start":{"line":96,"column":6},"end":{"line":96,"column":6}},{"start":{"line":96,"column":6},"end":{"line":96,"column":6}}]},"7":{"line":105,"type":"if","locations":[{"start":{"line":105,"column":10},"end":{"line":105,"column":10}},{"start":{"line":105,"column":10},"end":{"line":105,"column":10}}]},"8":{"line":113,"type":"if","locations":[{"start":{"line":113,"column":12},"end":{"line":113,"column":12}},{"start":{"line":113,"column":12},"end":{"line":113,"column":12}}]},"9":{"line":118,"type":"if","locations":[{"start":{"line":118,"column":12},"end":{"line":118,"column":12}},{"start":{"line":118,"column":12},"end":{"line":118,"column":12}}]},"10":{"line":118,"type":"binary-expr","locations":[{"start":{"line":118,"column":16},"end":{"line":118,"column":39}},{"start":{"line":118,"column":43},"end":{"line":118,"column":61}}]},"11":{"line":123,"type":"if","locations":[{"start":{"line":123,"column":10},"end":{"line":123,"column":10}},{"start":{"line":123,"column":10},"end":{"line":123,"column":10}}]},"12":{"line":125,"type":"if","locations":[{"start":{"line":125,"column":17},"end":{"line":125,"column":17}},{"start":{"line":125,"column":17},"end":{"line":125,"column":17}}]},"13":{"line":140,"type":"if","locations":[{"start":{"line":140,"column":6},"end":{"line":140,"column":6}},{"start":{"line":140,"column":6},"end":{"line":140,"column":6}}]},"14":{"line":143,"type":"if","locations":[{"start":{"line":143,"column":8},"end":{"line":143,"column":8}},{"start":{"line":143,"column":8},"end":{"line":143,"column":8}}]},"15":{"line":147,"type":"if","locations":[{"start":{"line":147,"column":8},"end":{"line":147,"column":8}},{"start":{"line":147,"column":8},"end":{"line":147,"column":8}}]},"16":{"line":154,"type":"if","locations":[{"start":{"line":154,"column":8},"end":{"line":154,"column":8}},{"start":{"line":154,"column":8},"end":{"line":154,"column":8}}]},"17":{"line":168,"type":"binary-expr","locations":[{"start":{"line":168,"column":9},"end":{"line":168,"column":36}},{"start":{"line":168,"column":40},"end":{"line":168,"column":64}}]},"18":{"line":171,"type":"if","locations":[{"start":{"line":171,"column":6},"end":{"line":171,"column":6}},{"start":{"line":171,"column":6},"end":{"line":171,"column":6}}]},"19":{"line":173,"type":"binary-expr","locations":[{"start":{"line":173,"column":11},"end":{"line":173,"column":42}},{"start":{"line":173,"column":46},"end":{"line":173,"column":70}}]}},"code":["'use strict';","var chalk = require('chalk');","var pad = require('pad-component');","var wrap = require('wrap-ansi');","var stringWidth = require('string-width');","var stripAnsi = require('strip-ansi');","var ansiStyles = require('ansi-styles');","var ansiRegex = require('ansi-regex')();","var repeating = require('repeating');","var cliBoxes = require('cli-boxes');","","var border = cliBoxes.round;","var leftOffset = 17;","var defaultGreeting =","  '\\n     _-----_     ' +","  '\\n    |       |    ' +","  '\\n    |' + chalk.red('--(o)--') + '|    ' +","  '\\n   `---------´   ' +","  '\\n    ' + chalk.yellow('(') + ' _' + chalk.yellow('´U`') + '_ ' + chalk.yellow(')') + '    ' +","  '\\n    /___A___\\\\   /' +","  '\\n     ' + chalk.yellow('|  ~  |') + '     ' +","  '\\n   __' + chalk.yellow('\\'.___.\\'') + '__   ' +","  '\\n ´   ' + chalk.red('`  |') + '° ' + chalk.red('´ Y') + ' ` ';","","module.exports = function (message, options) {","  message = (message || 'Welcome to Yeoman, ladies and gentlemen!').trim();","  options = options || {};","","  /*","   * What you're about to see may confuse you. And rightfully so. Here's an","   * explanation.","   *","   * When yosay is given a string, we create a duplicate with the ansi styling","   * sucked out. This way, the true length of the string is read by `pad` and","   * `wrap`, so they can correctly do their job without getting tripped up by","   * the \"invisible\" ansi. Along with the duplicated, non-ansi string, we store","   * the character position of where the ansi was, so that when we go back over","   * each line that will be printed out in the message box, we check the","   * character position to see if it needs any styling, then re-insert it if","   * necessary.","   *","   * Better implementations welcome :)","   */","","  var maxLength = 24;","  var frame;","  var styledIndexes = {};","  var completedString = '';","  var regExNewLine;","  var topOffset = 4;","","  // Amount of characters of the yeoman character »column«      → `    /___A___\\   /`","  var YEOMAN_CHARACTER_WIDTH = 17;","","  // Amount of characters of the default top frame of the speech bubble → `╭──────────────────────────╮`","  var DEFAULT_TOP_FRAME_WIDTH = 28;","","  // Amount of characters of a total line","  var TOTAL_CHARACTERS_PER_LINE = YEOMAN_CHARACTER_WIDTH + DEFAULT_TOP_FRAME_WIDTH;","","  // The speech bubble will overflow the Yeoman character if the message is too long.","  var MAX_MESSAGE_LINES_BEFORE_OVERFLOW = 7;","","  if (options.maxLength) {","    maxLength = stripAnsi(message).toLowerCase().split(' ').sort()[0].length;","","    if (maxLength < options.maxLength) {","      maxLength = options.maxLength;","      TOTAL_CHARACTERS_PER_LINE = maxLength + YEOMAN_CHARACTER_WIDTH + topOffset;","    }","  }","","  regExNewLine = new RegExp('\\\\s{' + maxLength + '}');","","  var borderHorizontal = repeating(border.horizontal, maxLength + 2);","","  frame = {","    top: border.topLeft + borderHorizontal + border.topRight,","    side: ansiStyles.reset.open + border.vertical + ansiStyles.reset.open,","    bottom: ansiStyles.reset.open + border.bottomLeft + borderHorizontal + border.bottomRight","  };","","  message.replace(ansiRegex, function (match, offset) {","    Object.keys(styledIndexes).forEach(function (key) {","      offset -= styledIndexes[key].length;","    });","","    styledIndexes[offset] = styledIndexes[offset] ? styledIndexes[offset] + match : match;","  });","","  return wrap(stripAnsi(message), maxLength, {hard: true})","    .split(/\\n/)","    .reduce(function (greeting, str, index, array) {","      var paddedString;","","      if (!regExNewLine.test(str)) {","        str = str.trim();","      }","","      completedString += str;","","      str = completedString","        .substr(completedString.length - str.length)","        .replace(/./g, function (char, charIndex) {","          if (index > 0) {","            charIndex += completedString.length - str.length + index;","          }","","          var hasContinuedStyle = 0;","          var continuedStyle;","","          Object.keys(styledIndexes).forEach(function (offset) {","            if (charIndex > offset) {","              hasContinuedStyle++;","              continuedStyle = styledIndexes[offset];","            }","","            if (hasContinuedStyle === 1 && charIndex < offset) {","              hasContinuedStyle++;","            }","          });","","          if (styledIndexes[charIndex]) {","            return styledIndexes[charIndex] + char;","          } else if (hasContinuedStyle >= 2) {","            return continuedStyle + char;","          }","","          return char;","        })","        .trim();","","      paddedString = pad({","        length: stringWidth(str),","        valueOf: function () {","          return ansiStyles.reset.open + str + ansiStyles.reset.open;","        }","      }, maxLength);","","      if (index === 0) {","        // Need to adjust the top position of the speech bubble depending on the","        // amount of lines of the message.","        if (array.length === 2) {","          topOffset -= 1;","        }","","        if (array.length >= 3) {","          topOffset -= 2;","        }","","        // The speech bubble will overflow the Yeoman character if the message","        // is too long. So we vertically center the bubble by adding empty lines","        // on top of the greeting.","        if (array.length > MAX_MESSAGE_LINES_BEFORE_OVERFLOW) {","          var emptyLines = Math.ceil((array.length - MAX_MESSAGE_LINES_BEFORE_OVERFLOW) / 2);","","          for (var i = 0; i < emptyLines; i++) {","            greeting.unshift('');","          }","","          frame.top = pad.left(frame.top, TOTAL_CHARACTERS_PER_LINE);","        }","","        greeting[topOffset - 1] += frame.top;","      }","","      greeting[index + topOffset] =","        (greeting[index + topOffset] || pad.left('', leftOffset)) +","        frame.side + ' ' + paddedString + ' ' + frame.side;","","      if (array.length === index + 1) {","        greeting[index + topOffset + 1] =","          (greeting[index + topOffset + 1] || pad.left('', leftOffset)) +","          frame.bottom;","      }","","      return greeting;","    }, defaultGreeting.split(/\\n/))","    .join('\\n') + '\\n';","};",""],"l":{"2":1,"3":1,"4":1,"5":1,"6":1,"7":1,"8":1,"9":1,"10":1,"12":1,"13":1,"14":1,"25":1,"26":0,"27":0,"45":0,"46":0,"47":0,"48":0,"49":0,"50":0,"53":0,"56":0,"59":0,"62":0,"64":0,"65":0,"67":0,"68":0,"69":0,"73":0,"75":0,"77":0,"83":0,"84":0,"85":0,"88":0,"91":0,"94":0,"96":0,"97":0,"100":0,"102":0,"105":0,"106":0,"109":0,"110":0,"112":0,"113":0,"114":0,"115":0,"118":0,"119":0,"123":0,"124":0,"125":0,"126":0,"129":0,"133":0,"136":0,"140":0,"143":0,"144":0,"147":0,"148":0,"154":0,"155":0,"157":0,"158":0,"161":0,"164":0,"167":0,"171":0,"172":0,"177":0}},"/home/travis/build/npmtest/node-npmtest-yo/node_modules/yo/lib/router.js":{"path":"/home/travis/build/npmtest/node-npmtest-yo/node_modules/yo/lib/router.js","s":{"1":1,"2":1,"3":1,"4":1,"5":1,"6":1,"7":1,"8":1,"9":1,"10":0,"11":0,"12":0,"13":0,"14":0,"15":1,"16":0,"17":0,"18":0,"19":1,"20":0,"21":0,"22":1,"23":0,"24":0,"25":0,"26":0,"27":0,"28":0,"29":0,"30":0,"31":0,"32":0,"33":0,"34":0,"35":0,"36":0,"37":0},"b":{"1":[0,0],"2":[0,0],"3":[0,0],"4":[0,0],"5":[0,0],"6":[0,0]},"f":{"1":0,"2":0,"3":0,"4":0,"5":0},"fnMap":{"1":{"name":"(anonymous_1)","line":18,"loc":{"start":{"line":18,"column":30},"end":{"line":18,"column":60}}},"2":{"name":"(anonymous_2)","line":33,"loc":{"start":{"line":33,"column":28},"end":{"line":33,"column":49}}},"3":{"name":"(anonymous_3)","line":46,"loc":{"start":{"line":46,"column":33},"end":{"line":46,"column":58}}},"4":{"name":"(anonymous_4)","line":55,"loc":{"start":{"line":55,"column":45},"end":{"line":55,"column":57}}},"5":{"name":"(anonymous_5)","line":58,"loc":{"start":{"line":58,"column":26},"end":{"line":58,"column":47}}}},"statementMap":{"1":{"start":{"line":2,"column":0},"end":{"line":2,"column":27}},"2":{"start":{"line":3,"column":0},"end":{"line":3,"column":26}},"3":{"start":{"line":4,"column":0},"end":{"line":4,"column":35}},"4":{"start":{"line":5,"column":0},"end":{"line":5,"column":48}},"5":{"start":{"line":6,"column":0},"end":{"line":6,"column":39}},"6":{"start":{"line":7,"column":0},"end":{"line":7,"column":48}},"7":{"start":{"line":8,"column":0},"end":{"line":8,"column":41}},"8":{"start":{"line":9,"column":0},"end":{"line":9,"column":68}},"9":{"start":{"line":18,"column":0},"end":{"line":26,"column":2}},"10":{"start":{"line":19,"column":2},"end":{"line":19,"column":39}},"11":{"start":{"line":20,"column":2},"end":{"line":20,"column":19}},"12":{"start":{"line":21,"column":2},"end":{"line":21,"column":17}},"13":{"start":{"line":22,"column":2},"end":{"line":22,"column":25}},"14":{"start":{"line":23,"column":2},"end":{"line":25,"column":5}},"15":{"start":{"line":33,"column":0},"end":{"line":39,"column":2}},"16":{"start":{"line":34,"column":2},"end":{"line":36,"column":3}},"17":{"start":{"line":35,"column":4},"end":{"line":35,"column":51}},"18":{"start":{"line":38,"column":2},"end":{"line":38,"column":47}},"19":{"start":{"line":46,"column":0},"end":{"line":49,"column":2}},"20":{"start":{"line":47,"column":2},"end":{"line":47,"column":30}},"21":{"start":{"line":48,"column":2},"end":{"line":48,"column":14}},"22":{"start":{"line":55,"column":0},"end":{"line":84,"column":2}},"23":{"start":{"line":56,"column":2},"end":{"line":56,"column":23}},"24":{"start":{"line":58,"column":2},"end":{"line":81,"column":4}},"25":{"start":{"line":60,"column":4},"end":{"line":62,"column":5}},"26":{"start":{"line":61,"column":6},"end":{"line":61,"column":13}},"27":{"start":{"line":64,"column":4},"end":{"line":64,"column":74}},"28":{"start":{"line":66,"column":4},"end":{"line":68,"column":5}},"29":{"start":{"line":67,"column":6},"end":{"line":67,"column":13}},"30":{"start":{"line":70,"column":4},"end":{"line":70,"column":40}},"31":{"start":{"line":71,"column":4},"end":{"line":71,"column":28}},"32":{"start":{"line":72,"column":4},"end":{"line":72,"column":84}},"33":{"start":{"line":74,"column":4},"end":{"line":74,"column":51}},"34":{"start":{"line":76,"column":4},"end":{"line":78,"column":5}},"35":{"start":{"line":77,"column":6},"end":{"line":77,"column":33}},"36":{"start":{"line":80,"column":4},"end":{"line":80,"column":36}},"37":{"start":{"line":83,"column":2},"end":{"line":83,"column":64}}},"branchMap":{"1":{"line":23,"type":"binary-expr","locations":[{"start":{"line":23,"column":14},"end":{"line":23,"column":18}},{"start":{"line":23,"column":22},"end":{"line":25,"column":4}}]},"2":{"line":34,"type":"if","locations":[{"start":{"line":34,"column":2},"end":{"line":34,"column":2}},{"start":{"line":34,"column":2},"end":{"line":34,"column":2}}]},"3":{"line":60,"type":"if","locations":[{"start":{"line":60,"column":4},"end":{"line":60,"column":4}},{"start":{"line":60,"column":4},"end":{"line":60,"column":4}}]},"4":{"line":66,"type":"if","locations":[{"start":{"line":66,"column":4},"end":{"line":66,"column":4}},{"start":{"line":66,"column":4},"end":{"line":66,"column":4}}]},"5":{"line":76,"type":"if","locations":[{"start":{"line":76,"column":4},"end":{"line":76,"column":4}},{"start":{"line":76,"column":4},"end":{"line":76,"column":4}}]},"6":{"line":76,"type":"binary-expr","locations":[{"start":{"line":76,"column":8},"end":{"line":76,"column":18}},{"start":{"line":76,"column":22},"end":{"line":76,"column":55}}]}},"code":["'use strict';","var path = require('path');","var _ = require('lodash');","var titleize = require('titleize');","var humanizeString = require('humanize-string');","var readPkgUp = require('read-pkg-up');","var updateNotifier = require('update-notifier');","var Configstore = require('configstore');","var namespaceToName = require('yeoman-environment').namespaceToName;","","/**"," * The router is in charge of handling `yo` different screens."," * @constructor"," * @param  {Environment} env A yeoman environment instance"," * @param  {Insight} insight An insight instance"," * @param  {Configstore} [conf] An optionnal config store instance"," */","var Router = module.exports = function (env, insight, conf) {","  var pkg = require('../package.json');","  this.routes = {};","  this.env = env;","  this.insight = insight;","  this.conf = conf || new Configstore(pkg.name, {","    generatorRunCount: {}","  });","};","","/**"," * Navigate to a route"," * @param  {String} name Route name"," * @param  {*}      arg  A single argument to pass to the route handler"," */","Router.prototype.navigate = function (name, arg) {","  if (typeof this.routes[name] === 'function') {","    return this.routes[name].call(null, this, arg);","  }","","  throw new Error('no routes called: ' + name);","};","","/**"," * Register a route handler"," * @param {String}   name    Name of the route"," * @param {Function} handler Route handler"," */","Router.prototype.registerRoute = function (name, handler) {","  this.routes[name] = handler;","  return this;","};","","/**"," * Update the available generators in the app"," * TODO: Move this function elsewhere, try to make it stateless."," */","Router.prototype.updateAvailableGenerators = function () {","  this.generators = {};","","  var resolveGenerators = function (generator) {","    // Skip sub generators","    if (!/:(app|all)$/.test(generator.namespace)) {","      return;","    }","","    var pkg = readPkgUp.sync({cwd: path.dirname(generator.resolved)}).pkg;","","    if (!pkg) {","      return;","    }","","    pkg.namespace = generator.namespace;","    pkg.appGenerator = true;","    pkg.prettyName = titleize(humanizeString(namespaceToName(generator.namespace)));","","    pkg.update = updateNotifier({pkg: pkg}).update;","","    if (pkg.update && pkg.version !== pkg.update.latest) {","      pkg.updateAvailable = true;","    }","","    this.generators[pkg.name] = pkg;","  };","","  _.each(this.env.getGeneratorsMeta(), resolveGenerators, this);","};",""],"l":{"2":1,"3":1,"4":1,"5":1,"6":1,"7":1,"8":1,"9":1,"18":1,"19":0,"20":0,"21":0,"22":0,"23":0,"33":1,"34":0,"35":0,"38":0,"46":1,"47":0,"48":0,"55":1,"56":0,"58":0,"60":0,"61":0,"64":0,"66":0,"67":0,"70":0,"71":0,"72":0,"74":0,"76":0,"77":0,"80":0,"83":0}}}